Change Component Designator: Old Designator=C? New Designator=C301
Change Component Designator: Old Designator=C? New Designator=C302
Change Component Designator: Old Designator=C? New Designator=C303
Change Component Designator: Old Designator=C? New Designator=C304
Change Component Designator: Old Designator=C? New Designator=C305
Change Component Designator: Old Designator=C? New Designator=C306
Change Component Designator: Old Designator=C? New Designator=C307
Change Component Designator: Old Designator=C? New Designator=C308
Change Component Designator: Old Designator=C? New Designator=C309
Change Component Designator: Old Designator=C? New Designator=C310
Change Component Designator: Old Designator=D? New Designator=D301
Change Component Designator: Old Designator=IC? New Designator=IC302
Change Component Designator: Old Designator=IC? New Designator=IC302
Change Component Designator: Old Designator=IC? New Designator=IC302
Change Component Designator: Old Designator=IC? New Designator=IC302
Change Component Designator: Old Designator=IC? New Designator=IC302
Change Component Designator: Old Designator=IC? New Designator=IC301
Change Component Designator: Old Designator=IC? New Designator=IC303
Change Component Designator: Old Designator=J? New Designator=J301
Change Component Designator: Old Designator=JP? New Designator=JP301
Change Component Designator: Old Designator=JP? New Designator=JP302
Change Component Designator: Old Designator=R? New Designator=R301
Change Component Designator: Old Designator=R? New Designator=R302
Change Component Designator: Old Designator=R? New Designator=R303
Change Component Designator: Old Designator=R? New Designator=R304
Change Component Designator: Old Designator=R? New Designator=R305
Change Component Designator: Old Designator=R? New Designator=R306
Change Component Designator: Old Designator=R? New Designator=R307
Change Component Designator: Old Designator=R? New Designator=R308
Change Component Designator: Old Designator=R? New Designator=R309
Change Component Designator: Old Designator=R? New Designator=R310
Change Component Designator: Old Designator=R? New Designator=R311
Change Component Designator: Old Designator=R? New Designator=R312
Change Component Designator: Old Designator=R? New Designator=R313
Change Component Designator: Old Designator=R? New Designator=R314
Change Component Designator: Old Designator=R? New Designator=R315
Change Component Designator: Old Designator=R? New Designator=R316
Change Component Designator: Old Designator=R? New Designator=R317
