Change Physical Footprint: Designator=Jbot_1 Old Footprint=Pin_1mm New Footprint=Pin_1mm
Change Physical Footprint: Designator=Jbot_2 Old Footprint=Pin_1mm New Footprint=Pin_1mm
Change Physical Footprint: Designator=Jbot_3 Old Footprint=Pin_1mm New Footprint=Pin_1mm
Change Physical Footprint: Designator=Jbot_4 Old Footprint=Pin_1mm New Footprint=Pin_1mm
Change Physical Footprint: Designator=Jbot_5 Old Footprint=Pin_1mm New Footprint=Pin_1mm
Change Physical Footprint: Designator=Jbot_6 Old Footprint=Pin_1mm New Footprint=Pin_1mm
Change Physical Footprint: Designator=Jbot_7 Old Footprint=Pin_1mm New Footprint=Pin_1mm
Change Physical Footprint: Designator=Jbot_8 Old Footprint=Pin_1.5mm New Footprint=Pin_1.5mm
Change Physical Footprint: Designator=Jleft_1 Old Footprint=Pin_1mm New Footprint=Pin_1mm
Change Physical Footprint: Designator=Jleft_2 Old Footprint=Pin_1mm New Footprint=Pin_1mm
Change Physical Footprint: Designator=Jleft_3 Old Footprint=Pin_1mm New Footprint=Pin_1mm
Change Physical Footprint: Designator=Jleft_4 Old Footprint=Pin_1mm New Footprint=Pin_1mm
Change Physical Footprint: Designator=Jleft_5 Old Footprint=Pin_1mm New Footprint=Pin_1mm
Change Physical Footprint: Designator=Jleft_6 Old Footprint=Pin_1mm New Footprint=Pin_1mm
Change Physical Footprint: Designator=Jleft_7 Old Footprint=Pin_1mm New Footprint=Pin_1mm
Change Physical Footprint: Designator=Jleft_8 Old Footprint=Pin_1.5mm New Footprint=Pin_1.5mm
Change Physical Footprint: Designator=Jright_1 Old Footprint=Pin_1mm New Footprint=Pin_1mm
Change Physical Footprint: Designator=Jright_2 Old Footprint=Pin_1mm New Footprint=Pin_1mm
Change Physical Footprint: Designator=Jright_3 Old Footprint=Pin_1mm New Footprint=Pin_1mm
Change Physical Footprint: Designator=Jright_4 Old Footprint=Pin_1mm New Footprint=Pin_1mm
Change Physical Footprint: Designator=Jright_5 Old Footprint=Pin_1mm New Footprint=Pin_1mm
Change Physical Footprint: Designator=Jright_6 Old Footprint=Pin_1mm New Footprint=Pin_1mm
Change Physical Footprint: Designator=Jright_7 Old Footprint=Pin_1mm New Footprint=Pin_1mm
Change Physical Footprint: Designator=Jright_8 Old Footprint=Pin_1.5mm New Footprint=Pin_1.5mm
Change Physical Footprint: Designator=Jtop_1 Old Footprint=Pin_1mm New Footprint=Pin_1mm
Change Physical Footprint: Designator=Jtop_2 Old Footprint=Pin_1mm New Footprint=Pin_1mm
