Change Component Footprint: Designator=C101 Old Footprint=CAPC1608X09N New Footprint=CAPC1005X06N
Change Component Footprint: Designator=C102 Old Footprint=CAPC1608X09N New Footprint=CAPC1005X06N
Change Component Footprint: Designator=C103 Old Footprint=CAPC1608X09N New Footprint=CAPC1005X06N
Change Component Footprint: Designator=C104 Old Footprint=CAPC1608X09N New Footprint=CAPC1005X06N
Change Component Footprint: Designator=C105 Old Footprint=CAPC1608X09N New Footprint=CAPC1005X06N
Change Component Footprint: Designator=C106 Old Footprint=CAPC1608X09N New Footprint=CAPC1005X06N
Change Component Footprint: Designator=C107 Old Footprint=CAPC1608X09N New Footprint=CAPC1005X06N
Change Component Footprint: Designator=C108 Old Footprint=CAPC1608X09N New Footprint=CAPC1005X06N
Change Component Footprint: Designator=C109 Old Footprint=CAPC1608X09N New Footprint=CAPC1005X06N
Change Component Footprint: Designator=C110 Old Footprint=CAPC1608X09N New Footprint=CAPC1005X06N
Change Component Footprint: Designator=C111 Old Footprint=CAPC1608X09N New Footprint=CAPC1005X06N
Change Component Footprint: Designator=C112 Old Footprint=CAPC1608X09N New Footprint=CAPC1005X06N
Change Component Footprint: Designator=C115 Old Footprint=CAPC1608X09N New Footprint=CAPC1005X06N
Change Component Footprint: Designator=C117 Old Footprint=CAPC1608X09N New Footprint=CAPC1005X06N
Change Component Footprint: Designator=C118 Old Footprint=CAPC1608X09N New Footprint=CAPC1005X06N
Change Component Footprint: Designator=C119 Old Footprint=CAPC1608X09N New Footprint=CAPC1005X06N
Change Component Footprint: Designator=C120 Old Footprint=CAPC1608X09N New Footprint=CAPC1005X06N
Change Component Footprint: Designator=C121 Old Footprint=CAPC1608X09N New Footprint=CAPC1005X06N
Change Component Footprint: Designator=C122 Old Footprint=CAPC1608X09N New Footprint=CAPC1005X06N
Change Component Footprint: Designator=C123 Old Footprint=CAPC1608X09N New Footprint=CAPC1005X06N
Change Component Footprint: Designator=C124 Old Footprint=CAPC1608X09N New Footprint=CAPC1005X06N
Change Component Footprint: Designator=C125 Old Footprint=CAPC1608X09N New Footprint=CAPC1005X06N
Change Component Footprint: Designator=C201 Old Footprint=CAPC1608X09N New Footprint=CAPC1005X06N
Change Component Footprint: Designator=C202 Old Footprint=CAPC1608X09N New Footprint=CAPC1005X06N
Change Component Footprint: Designator=C203 Old Footprint=CAPC1608X09N New Footprint=CAPC1005X06N
Change Component Footprint: Designator=C204 Old Footprint=CAPC1608X09N New Footprint=CAPC1005X06N
Change Component Footprint: Designator=C207 Old Footprint=CAPC1608X09N New Footprint=CAPC1005X06N
Change Component Footprint: Designator=C208 Old Footprint=CAPC1608X09N New Footprint=CAPC1005X06N
Change Component Footprint: Designator=C209 Old Footprint=CAPC1608X09N New Footprint=CAPC1005X06N
Change Component Footprint: Designator=C210 Old Footprint=CAPC1608X09N New Footprint=CAPC1005X06N
Change Component Footprint: Designator=C211 Old Footprint=CAPC1608X09N New Footprint=CAPC1005X06N
Change Component Footprint: Designator=C214 Old Footprint=CAPC1608X09N New Footprint=CAPC1005X06N
Change Component Footprint: Designator=C215 Old Footprint=CAPC1608X09N New Footprint=CAPC1005X06N
Change Component Footprint: Designator=C216 Old Footprint=CAPC1608X09N New Footprint=CAPC1005X06N
Change Component Footprint: Designator=C217 Old Footprint=CAPC1608X09N New Footprint=CAPC1005X06N
Change Component Footprint: Designator=C218 Old Footprint=CAPC1608X09N New Footprint=CAPC1005X06N
Change Component Footprint: Designator=C219 Old Footprint=CAPC1608X09N New Footprint=CAPC1005X06N
Change Component Footprint: Designator=C220 Old Footprint=CAPC1608X09N New Footprint=CAPC1005X06N
Change Component Footprint: Designator=C221 Old Footprint=CAPC1608X09N New Footprint=CAPC1005X06N
Change Component Footprint: Designator=C222 Old Footprint=CAPC1608X09N New Footprint=CAPC1005X06N
Change Component Footprint: Designator=C223 Old Footprint=CAPC1608X09N New Footprint=CAPC1005X06N
Change Component Footprint: Designator=C224 Old Footprint=CAPC1608X09N New Footprint=CAPC1005X06N
Change Component Footprint: Designator=C225 Old Footprint=CAPC1608X09N New Footprint=CAPC1005X06N
Change Component Footprint: Designator=C226 Old Footprint=CAPC1608X09N New Footprint=CAPC1005X06N
Change Component Footprint: Designator=C227 Old Footprint=CAPC1608X09N New Footprint=CAPC1005X06N
Change Component Footprint: Designator=C301 Old Footprint=CAPC1608X09N New Footprint=CAPC1005X06N
Change Component Footprint: Designator=C303 Old Footprint=CAPC1608X09N New Footprint=CAPC1005X06N
Change Component Footprint: Designator=C304 Old Footprint=CAPC1608X09N New Footprint=CAPC1005X06N
Change Component Footprint: Designator=C306 Old Footprint=CAPC1608X09N New Footprint=CAPC1005X06N
Change Component Footprint: Designator=C307 Old Footprint=CAPC1608X09N New Footprint=CAPC1005X06N
Change Component Footprint: Designator=C308 Old Footprint=CAPC1608X09N New Footprint=CAPC1005X06N
Change Component Footprint: Designator=C309 Old Footprint=CAPC1608X09N New Footprint=CAPC1005X06N
Change Component Footprint: Designator=C310 Old Footprint=CAPC1608X09N New Footprint=CAPC1005X06N
Change Component Footprint: Designator=C401 Old Footprint=CAPC1608X09N New Footprint=CAPC1005X06N
Change Component Footprint: Designator=C402 Old Footprint=CAPC1608X09N New Footprint=CAPC1005X06N
Change Component Footprint: Designator=C403 Old Footprint=CAPC1608X09N New Footprint=CAPC1005X06N
Change Component Footprint: Designator=C404 Old Footprint=CAPC1608X09N New Footprint=CAPC1005X06N
Change Component Footprint: Designator=C405 Old Footprint=CAPC1608X09N New Footprint=CAPC1005X06N
Change Component Footprint: Designator=C406 Old Footprint=CAPC1608X09N New Footprint=CAPC1005X06N
Change Component Footprint: Designator=C407 Old Footprint=CAPC1608X09N New Footprint=CAPC1005X06N
Change Component Footprint: Designator=R101 Old Footprint=RESC1608X06N New Footprint=RESC1005X04N
Change Component Footprint: Designator=R102 Old Footprint=RESC1608X06N New Footprint=RESC1005X04N
Change Component Footprint: Designator=R103 Old Footprint=RESC1608X06N New Footprint=RESC1005X04N
Change Component Footprint: Designator=R104 Old Footprint=RESC1608X06N New Footprint=RESC1005X04N
Change Component Footprint: Designator=R105 Old Footprint=RESC1608X06N New Footprint=RESC1005X04N
Change Component Footprint: Designator=R106 Old Footprint=RESC1608X06N New Footprint=RESC1005X04N
Change Component Footprint: Designator=R107 Old Footprint=RESC1608X06N New Footprint=RESC1005X04N
Change Component Footprint: Designator=R108 Old Footprint=RESC1608X06N New Footprint=RESC1005X04N
Change Component Footprint: Designator=R109 Old Footprint=RESC1608X06N New Footprint=RESC1005X04N
Change Component Footprint: Designator=R110 Old Footprint=RESC1608X06N New Footprint=RESC1005X04N
Change Component Footprint: Designator=R111 Old Footprint=RESC1608X06N New Footprint=RESC1005X04N
Change Component Footprint: Designator=R112 Old Footprint=RESC1608X06N New Footprint=RESC1005X04N
Change Component Footprint: Designator=R113 Old Footprint=RESC1608X06N New Footprint=RESC1005X04N
Change Component Footprint: Designator=R114 Old Footprint=RESC1608X06N New Footprint=RESC1005X04N
Change Component Footprint: Designator=R115 Old Footprint=RESC1608X06N New Footprint=RESC1005X04N
Change Component Footprint: Designator=R116 Old Footprint=RESC1608X06N New Footprint=RESC1005X04N
Change Component Footprint: Designator=R117 Old Footprint=RESC1608X06N New Footprint=RESC1005X04N
Change Component Footprint: Designator=R118 Old Footprint=RESC1608X06N New Footprint=RESC1005X04N
Change Component Footprint: Designator=R119 Old Footprint=RESC1608X06N New Footprint=RESC1005X04N
Change Component Footprint: Designator=R120 Old Footprint=RESC1608X06N New Footprint=RESC1005X04N
Change Component Footprint: Designator=R121 Old Footprint=RESC1608X06N New Footprint=RESC1005X04N
Change Component Footprint: Designator=R122 Old Footprint=RESC1608X06N New Footprint=RESC1005X04N
Change Component Footprint: Designator=R123 Old Footprint=RESC1608X06N New Footprint=RESC1005X04N
Change Component Footprint: Designator=R125 Old Footprint=RESC1608X06N New Footprint=RESC1005X04N
Change Component Footprint: Designator=R126 Old Footprint=RESC1608X06N New Footprint=RESC1005X04N
Change Component Footprint: Designator=R127 Old Footprint=RESC1608X06N New Footprint=RESC1005X04N
Change Component Footprint: Designator=R128 Old Footprint=RESC1608X06N New Footprint=RESC1005X04N
Change Component Footprint: Designator=R129 Old Footprint=RESC1608X06N New Footprint=RESC1005X04N
Change Component Footprint: Designator=R130 Old Footprint=RESC1608X06N New Footprint=RESC1005X04N
Change Component Footprint: Designator=R201 Old Footprint=RESC1608X06N New Footprint=RESC1005X04N
Change Component Footprint: Designator=R212 Old Footprint=RESC1608X06N New Footprint=RESC1005X04N
Change Component Footprint: Designator=R213 Old Footprint=RESC1608X06N New Footprint=RESC1005X04N
Change Component Footprint: Designator=R303 Old Footprint=RESC1608X06N New Footprint=RESC1005X04N
Change Component Footprint: Designator=R305 Old Footprint=RESC1608X06N New Footprint=RESC1005X04N
Change Component Footprint: Designator=R309 Old Footprint=RESC1608X06N New Footprint=RESC1005X04N
Change Component Footprint: Designator=R312 Old Footprint=RESC1608X06N New Footprint=RESC1005X04N
Change Component Footprint: Designator=R316 Old Footprint=RESC1608X06N New Footprint=RESC1005X04N
Change Component Footprint: Designator=R401 Old Footprint=RESC1608X06N New Footprint=RESC1005X04N
Change Component Footprint: Designator=R402 Old Footprint=RESC1608X06N New Footprint=RESC1005X04N
Change Component Footprint: Designator=R403 Old Footprint=RESC1608X06N New Footprint=RESC1005X04N
Change Component Footprint: Designator=R404 Old Footprint=RESC1608X06N New Footprint=RESC1005X04N
Change Component Footprint: Designator=R405 Old Footprint=RESC1608X06N New Footprint=RESC1005X04N
Change Component Footprint: Designator=R406 Old Footprint=RESC1608X06N New Footprint=RESC1005X04N
Change Component Footprint: Designator=R407 Old Footprint=RESC1608X06N New Footprint=RESC1005X04N
Change Component Footprint: Designator=R408 Old Footprint=RESC1608X06N New Footprint=RESC1005X04N
Change Component Footprint: Designator=R409 Old Footprint=RESC1608X06N New Footprint=RESC1005X04N
Change Component Footprint: Designator=R410 Old Footprint=RESC1608X06N New Footprint=RESC1005X04N
Change Component Footprint: Designator=R411 Old Footprint=RESC1608X06N New Footprint=RESC1005X04N
Change Component Footprint: Designator=R412 Old Footprint=RESC1608X06N New Footprint=RESC1005X04N
Change Component Footprint: Designator=R202 Old Footprint=RESC2012X06N New Footprint=RESC1005X04N
Change Component Footprint: Designator=R204 Old Footprint=RESC2012X06N New Footprint=RESC1005X04N
Change Component Footprint: Designator=R205 Old Footprint=RESC2012X06N New Footprint=RESC1005X04N
Change Component Footprint: Designator=R315 Old Footprint=RESC2012X06N New Footprint=RESC1005X04N
Change Component Footprint: Designator=R317 Old Footprint=RESC2012X06N New Footprint=RESC1005X04N
Change component parameters: Designator = "C101" ("C101"); Footprint = "CAPC1608X09N"; UniqueID = "\EAZTBWIV" ("\EAZTBWIV")
Change component parameters (AddParameter): Name = "Link"; Value = "https://jlcpcb.com/partdetail/MurataElectronics-GCM155R71H104KE02D/C85858"; VariantName = "[No Variations]"
Change component parameters (AddParameter): Name = "MPN"; Value = "GCM155R71H104KE02D"; VariantName = "[No Variations]"
Change component parameters (AddParameter): Name = "Price"; Value = "0.0031"; VariantName = "[No Variations]"
Change component parameters (AddParameter): Name = "Value"; Value = "100nF"; VariantName = "[No Variations]"
Change component parameters: Designator = "C102" ("C102"); Footprint = "CAPC1608X09N"; UniqueID = "\LBZSGRYN" ("\LBZSGRYN")
Change component parameters (AddParameter): Name = "Link"; Value = "https://jlcpcb.com/partdetail/MurataElectronics-GCM155R71H104KE02D/C85858"; VariantName = "[No Variations]"
Change component parameters (AddParameter): Name = "MPN"; Value = "GCM155R71H104KE02D"; VariantName = "[No Variations]"
Change component parameters (AddParameter): Name = "Price"; Value = "0.0031"; VariantName = "[No Variations]"
Change component parameters (AddParameter): Name = "Value"; Value = "100nF"; VariantName = "[No Variations]"
Change component parameters: Designator = "C103" ("C103"); Footprint = "CAPC1608X09N"; UniqueID = "\WHJQRCTO" ("\WHJQRCTO")
Change component parameters (AddParameter): Name = "Link"; Value = "https://jlcpcb.com/partdetail/MurataElectronics-GCM155R71H104KE02D/C85858"; VariantName = "[No Variations]"
Change component parameters (AddParameter): Name = "MPN"; Value = "GCM155R71H104KE02D"; VariantName = "[No Variations]"
Change component parameters (AddParameter): Name = "Price"; Value = "0.0031"; VariantName = "[No Variations]"
Change component parameters (AddParameter): Name = "Value"; Value = "100nF"; VariantName = "[No Variations]"
Change component parameters: Designator = "C104" ("C104"); Footprint = "CAPC1608X09N"; UniqueID = "\OIKULVIC" ("\OIKULVIC")
Change component parameters (AddParameter): Name = "Link"; Value = "https://jlcpcb.com/partdetail/MurataElectronics-GCM155R71H104KE02D/C85858"; VariantName = "[No Variations]"
Change component parameters (AddParameter): Name = "MPN"; Value = "GCM155R71H104KE02D"; VariantName = "[No Variations]"
Change component parameters (AddParameter): Name = "Price"; Value = "0.0031"; VariantName = "[No Variations]"
Change component parameters (AddParameter): Name = "Value"; Value = "100nF"; VariantName = "[No Variations]"
Change component parameters: Designator = "C105" ("C105"); Footprint = "CAPC1608X09N"; UniqueID = "\QBMBMZZY" ("\QBMBMZZY")
Change component parameters (AddParameter): Name = "Link"; Value = "https://jlcpcb.com/partdetail/MurataElectronics-GCM155R71H104KE02D/C85858"; VariantName = "[No Variations]"
Change component parameters (AddParameter): Name = "MPN"; Value = "GCM155R71H104KE02D"; VariantName = "[No Variations]"
Change component parameters (AddParameter): Name = "Price"; Value = "0.0031"; VariantName = "[No Variations]"
Change component parameters (AddParameter): Name = "Value"; Value = "100nF"; VariantName = "[No Variations]"
Change component parameters: Designator = "C106" ("C106"); Footprint = "CAPC1608X09N"; UniqueID = "\WEXDUWFV" ("\WEXDUWFV")
Change component parameters (AddParameter): Name = "Link"; Value = "https://jlcpcb.com/partdetail/MurataElectronics-GCM155R71H104KE02D/C85858"; VariantName = "[No Variations]"
Change component parameters (AddParameter): Name = "MPN"; Value = "GCM155R71H104KE02D"; VariantName = "[No Variations]"
Change component parameters (AddParameter): Name = "Price"; Value = "0.0031"; VariantName = "[No Variations]"
Change component parameters (AddParameter): Name = "Value"; Value = "100nF"; VariantName = "[No Variations]"
Change component parameters: Designator = "C107" ("C107"); Footprint = "CAPC1608X09N"; UniqueID = "\GVFAMNSL" ("\GVFAMNSL")
Change component parameters (AddParameter): Name = "Link"; Value = "https://jlcpcb.com/partdetail/MurataElectronics-GCM155R71H104KE02D/C85858"; VariantName = "[No Variations]"
Change component parameters (AddParameter): Name = "MPN"; Value = "GCM155R71H104KE02D"; VariantName = "[No Variations]"
Change component parameters (AddParameter): Name = "Price"; Value = "0.0031"; VariantName = "[No Variations]"
Change component parameters (AddParameter): Name = "Value"; Value = "100nF"; VariantName = "[No Variations]"
Change component parameters: Designator = "C108" ("C108"); Footprint = "CAPC1608X09N"; UniqueID = "\FSCRPKIQ" ("\FSCRPKIQ")
Change component parameters (AddParameter): Name = "Link"; Value = "https://jlcpcb.com/partdetail/3478404-GRM155Z71A225KE44D/C2999759"; VariantName = "[No Variations]"
Change component parameters (AddParameter): Name = "MPN"; Value = "GRM155Z71A225KE44D"; VariantName = "[No Variations]"
Change component parameters (AddParameter): Name = "Price"; Value = "0.0332"; VariantName = "[No Variations]"
Change component parameters (AddParameter): Name = "Value"; Value = "2.2uF"; VariantName = "[No Variations]"
Change component parameters: Designator = "C109" ("C109"); Footprint = "CAPC1608X09N"; UniqueID = "\SSVLJSAE" ("\SSVLJSAE")
Change component parameters (AddParameter): Name = "Link"; Value = "https://jlcpcb.com/partdetail/3478404-GRM155Z71A225KE44D/C2999759"; VariantName = "[No Variations]"
Change component parameters (AddParameter): Name = "MPN"; Value = "GRM155Z71A225KE44D"; VariantName = "[No Variations]"
Change component parameters (AddParameter): Name = "Price"; Value = "0.0332"; VariantName = "[No Variations]"
Change component parameters (AddParameter): Name = "Value"; Value = "2.2uF"; VariantName = "[No Variations]"
Change component parameters: Designator = "C110" ("C110"); Footprint = "CAPC1608X09N"; UniqueID = "\ZESPGTTG" ("\ZESPGTTG")
Change component parameters (AddParameter): Name = "Link"; Value = "https://jlcpcb.com/partdetail/MurataElectronics-GRM1555C1H120JA01D/C76948"; VariantName = "[No Variations]"
Change component parameters (AddParameter): Name = "MPN"; Value = "GRM1555C1H120JA01D"; VariantName = "[No Variations]"
Change component parameters (AddParameter): Name = "Price"; Value = "0.0028"; VariantName = "[No Variations]"
Change component parameters (AddParameter): Name = "Value"; Value = "12pF"; VariantName = "[No Variations]"
Change component parameters: Designator = "C111" ("C111"); Footprint = "CAPC1608X09N"; UniqueID = "\LIEYRNXI" ("\LIEYRNXI")
Change component parameters (AddParameter): Name = "Link"; Value = "https://jlcpcb.com/partdetail/MurataElectronics-GRM1555C1H120JA01D/C76948"; VariantName = "[No Variations]"
Change component parameters (AddParameter): Name = "MPN"; Value = "GRM1555C1H120JA01D"; VariantName = "[No Variations]"
Change component parameters (AddParameter): Name = "Price"; Value = "0.0028"; VariantName = "[No Variations]"
Change component parameters (AddParameter): Name = "Value"; Value = "12pF"; VariantName = "[No Variations]"
Change component parameters: Designator = "C112" ("C112"); Footprint = "CAPC1608X09N"; UniqueID = "\OMIEMGJW" ("\OMIEMGJW")
Change component parameters (AddParameter): Name = "Link"; Value = "https://jlcpcb.com/partdetail/MurataElectronics-GCM155R71H104KE02D/C85858"; VariantName = "[No Variations]"
Change component parameters (AddParameter): Name = "MPN"; Value = "GCM155R71H104KE02D"; VariantName = "[No Variations]"
Change component parameters (AddParameter): Name = "Price"; Value = "0.0031"; VariantName = "[No Variations]"
Change component parameters (AddParameter): Name = "Value"; Value = "100nF"; VariantName = "[No Variations]"
Change component parameters: Designator = "C115" ("C115"); Footprint = "CAPC1608X09N"; UniqueID = "\REHGYLYA" ("\REHGYLYA")
Change component parameters (AddParameter): Name = "Link"; Value = "https://jlcpcb.com/partdetail/3478404-GRM155Z71A225KE44D/C2999759"; VariantName = "[No Variations]"
Change component parameters (AddParameter): Name = "MPN"; Value = "GRM155Z71A225KE44D"; VariantName = "[No Variations]"
Change component parameters (AddParameter): Name = "Price"; Value = "0.0332"; VariantName = "[No Variations]"
Change component parameters (AddParameter): Name = "Value"; Value = "2.2uF"; VariantName = "[No Variations]"
Change component parameters: Designator = "C117" ("C117"); Footprint = "CAPC1608X09N"; UniqueID = "\UXRQFZNR" ("\UXRQFZNR")
Change component parameters (AddParameter): Name = "Link"; Value = "https://jlcpcb.com/partdetail/MurataElectronics-GCM155R71H104KE02D/C85858"; VariantName = "[No Variations]"
Change component parameters (AddParameter): Name = "MPN"; Value = "GCM155R71H104KE02D"; VariantName = "[No Variations]"
Change component parameters (AddParameter): Name = "Price"; Value = "0.0031"; VariantName = "[No Variations]"
Change component parameters (AddParameter): Name = "Value"; Value = "100nF"; VariantName = "[No Variations]"
Change component parameters: Designator = "C118" ("C118"); Footprint = "CAPC1608X09N"; UniqueID = "\RJGHNMTF" ("\RJGHNMTF")
Change component parameters (AddParameter): Name = "Link"; Value = "https://jlcpcb.com/partdetail/3478404-GRM155Z71A225KE44D/C2999759"; VariantName = "[No Variations]"
Change component parameters (AddParameter): Name = "MPN"; Value = "GRM155Z71A225KE44D"; VariantName = "[No Variations]"
Change component parameters (AddParameter): Name = "Price"; Value = "0.0332"; VariantName = "[No Variations]"
Change component parameters (AddParameter): Name = "Value"; Value = "2.2uF"; VariantName = "[No Variations]"
Change component parameters: Designator = "C119" ("C119"); Footprint = "CAPC1608X09N"; UniqueID = "\QBALZEBH" ("\QBALZEBH")
Change component parameters (AddParameter): Name = "Link"; Value = "https://jlcpcb.com/partdetail/MurataElectronics-GCM155R71H104KE02D/C85858"; VariantName = "[No Variations]"
Change component parameters (AddParameter): Name = "MPN"; Value = "GCM155R71H104KE02D"; VariantName = "[No Variations]"
Change component parameters (AddParameter): Name = "Price"; Value = "0.0031"; VariantName = "[No Variations]"
Change component parameters (AddParameter): Name = "Value"; Value = "100nF"; VariantName = "[No Variations]"
Change component parameters: Designator = "C120" ("C120"); Footprint = "CAPC1608X09N"; UniqueID = "\MAZCBXPE" ("\MAZCBXPE")
Change component parameters (AddParameter): Name = "Link"; Value = "https://jlcpcb.com/partdetail/MurataElectronics-GCM155R71H104KE02D/C85858"; VariantName = "[No Variations]"
Change component parameters (AddParameter): Name = "MPN"; Value = "GCM155R71H104KE02D"; VariantName = "[No Variations]"
Change component parameters (AddParameter): Name = "Price"; Value = "0.0031"; VariantName = "[No Variations]"
Change component parameters (AddParameter): Name = "Value"; Value = "100nF"; VariantName = "[No Variations]"
Change component parameters: Designator = "C121" ("C121"); Footprint = "CAPC1608X09N"; UniqueID = "\QLILDMEC" ("\QLILDMEC")
Change component parameters (AddParameter): Name = "Link"; Value = "https://jlcpcb.com/partdetail/MurataElectronics-GCM155R71H104KE02D/C85858"; VariantName = "[No Variations]"
Change component parameters (AddParameter): Name = "MPN"; Value = "GCM155R71H104KE02D"; VariantName = "[No Variations]"
Change component parameters (AddParameter): Name = "Price"; Value = "0.0031"; VariantName = "[No Variations]"
Change component parameters (AddParameter): Name = "Value"; Value = "100nF"; VariantName = "[No Variations]"
Change component parameters: Designator = "C122" ("C122"); Footprint = "CAPC1608X09N"; UniqueID = "\FIRAASUV" ("\FIRAASUV")
Change component parameters (AddParameter): Name = "Link"; Value = "https://jlcpcb.com/partdetail/MurataElectronics-GCM155R71H104KE02D/C85858"; VariantName = "[No Variations]"
Change component parameters (AddParameter): Name = "MPN"; Value = "GCM155R71H104KE02D"; VariantName = "[No Variations]"
Change component parameters (AddParameter): Name = "Price"; Value = "0.0031"; VariantName = "[No Variations]"
Change component parameters (AddParameter): Name = "Value"; Value = "100nF"; VariantName = "[No Variations]"
Change component parameters: Designator = "C123" ("C123"); Footprint = "CAPC1608X09N"; UniqueID = "\NPPDAKDR" ("\NPPDAKDR")
Change component parameters (AddParameter): Name = "Link"; Value = "https://jlcpcb.com/partdetail/MurataElectronics-GCM155R71H104KE02D/C85858"; VariantName = "[No Variations]"
Change component parameters (AddParameter): Name = "MPN"; Value = "GCM155R71H104KE02D"; VariantName = "[No Variations]"
Change component parameters (AddParameter): Name = "Price"; Value = "0.0031"; VariantName = "[No Variations]"
Change component parameters (AddParameter): Name = "Value"; Value = "100nF"; VariantName = "[No Variations]"
Change component parameters: Designator = "C124" ("C124"); Footprint = "CAPC1608X09N"; UniqueID = "\DPBRRJSB" ("\DPBRRJSB")
Change component parameters (AddParameter): Name = "Link"; Value = "https://jlcpcb.com/partdetail/MurataElectronics-GCM155R71H104KE02D/C85858"; VariantName = "[No Variations]"
Change component parameters (AddParameter): Name = "MPN"; Value = "GCM155R71H104KE02D"; VariantName = "[No Variations]"
Change component parameters (AddParameter): Name = "Price"; Value = "0.0031"; VariantName = "[No Variations]"
Change component parameters (AddParameter): Name = "Value"; Value = "100nF"; VariantName = "[No Variations]"
Change component parameters: Designator = "C125" ("C125"); Footprint = "CAPC1608X09N"; UniqueID = "\FKDGZKEN" ("\FKDGZKEN")
Change component parameters (AddParameter): Name = "Link"; Value = "https://jlcpcb.com/partdetail/MurataElectronics-GCM155R71H104KE02D/C85858"; VariantName = "[No Variations]"
Change component parameters (AddParameter): Name = "MPN"; Value = "GCM155R71H104KE02D"; VariantName = "[No Variations]"
Change component parameters (AddParameter): Name = "Price"; Value = "0.0031"; VariantName = "[No Variations]"
Change component parameters (AddParameter): Name = "Value"; Value = "100nF"; VariantName = "[No Variations]"
Change component parameters: Designator = "C201" ("C201"); Footprint = "CAPC1608X09N"; UniqueID = "\RUYCLGTK\CGBSIKYD" ("\RUYCLGTK\CGBSIKYD")
Change component parameters (AddParameter): Name = "Link"; Value = "https://jlcpcb.com/partdetail/548880-GRM155Z71A105KE01D/C528974"; VariantName = "[No Variations]"
Change component parameters (AddParameter): Name = "MPN"; Value = "GRM155Z71A105KE01D"; VariantName = "[No Variations]"
Change component parameters (AddParameter): Name = "Price"; Value = "0.0206"; VariantName = "[No Variations]"
Change component parameters (AddParameter): Name = "Value"; Value = "1uF"; VariantName = "[No Variations]"
Change component parameters: Designator = "C202" ("C202"); Footprint = "CAPC1608X09N"; UniqueID = "\RUYCLGTK\TGHASKQV" ("\RUYCLGTK\TGHASKQV")
Change component parameters (AddParameter): Name = "Link"; Value = "https://jlcpcb.com/partdetail/287763-0402B334K160NT/C301942"; VariantName = "[No Variations]"
Change component parameters (AddParameter): Name = "MPN"; Value = "0402B334K160NT"; VariantName = "[No Variations]"
Change component parameters (AddParameter): Name = "Price"; Value = "0.015"; VariantName = "[No Variations]"
Change component parameters (AddParameter): Name = "Value"; Value = "330nF"; VariantName = "[No Variations]"
Change component parameters: Designator = "C203" ("C203"); Footprint = "CAPC1608X09N"; UniqueID = "\RUYCLGTK\IZLHHFWO" ("\RUYCLGTK\IZLHHFWO")
Change component parameters (AddParameter): Name = "Link"; Value = "https://jlcpcb.com/partdetail/Yageo-CC0402JRNPO9BN820/C107011"; VariantName = "[No Variations]"
Change component parameters (AddParameter): Name = "MPN"; Value = "CC0402JRNPO9BN820"; VariantName = "[No Variations]"
Change component parameters (AddParameter): Name = "Price"; Value = "0.001"; VariantName = "[No Variations]"
Change component parameters (AddParameter): Name = "Value"; Value = "82pF"; VariantName = "[No Variations]"
Change component parameters: Designator = "C204" ("C204"); Footprint = "CAPC1608X09N"; UniqueID = "\RUYCLGTK\TTQBSSLF" ("\RUYCLGTK\TTQBSSLF")
Change component parameters (AddParameter): Name = "Link"; Value = "https://jlcpcb.com/partdetail/Yageo-CC0402KRX7R9BB271/C107027"; VariantName = "[No Variations]"
Change component parameters (AddParameter): Name = "MPN"; Value = "CC0402KRX7R9BB271"; VariantName = "[No Variations]"
Change component parameters (AddParameter): Name = "Price"; Value = "0.001"; VariantName = "[No Variations]"
Change component parameters (AddParameter): Name = "Value"; Value = "270pF"; VariantName = "[No Variations]"
Change component parameters: Designator = "C207" ("C207"); Footprint = "CAPC1608X09N"; UniqueID = "\RUYCLGTK\GFGGYXQW" ("\RUYCLGTK\GFGGYXQW")
Change component parameters (AddParameter): Name = "Link"; Value = "https://jlcpcb.com/partdetail/MurataElectronics-GCM155R71H104KE02D/C85858"; VariantName = "[No Variations]"
Change component parameters (AddParameter): Name = "MPN"; Value = "GCM155R71H104KE02D"; VariantName = "[No Variations]"
Change component parameters (AddParameter): Name = "Price"; Value = "0.0031"; VariantName = "[No Variations]"
Change component parameters (AddParameter): Name = "Value"; Value = "100nF"; VariantName = "[No Variations]"
Change component parameters: Designator = "C208" ("C208"); Footprint = "CAPC1608X09N"; UniqueID = "\RUYCLGTK\FSMITCZX" ("\RUYCLGTK\FSMITCZX")
Change component parameters (AddParameter): Name = "Link"; Value = "https://jlcpcb.com/partdetail/MurataElectronics-GCM155R71H104KE02D/C85858"; VariantName = "[No Variations]"
Change component parameters (AddParameter): Name = "MPN"; Value = "GCM155R71H104KE02D"; VariantName = "[No Variations]"
Change component parameters (AddParameter): Name = "Price"; Value = "0.0031"; VariantName = "[No Variations]"
Change component parameters (AddParameter): Name = "Value"; Value = "100nF"; VariantName = "[No Variations]"
Change component parameters: Designator = "C209" ("C209"); Footprint = "CAPC1608X09N"; UniqueID = "\RUYCLGTK\WNUCRGWL" ("\RUYCLGTK\WNUCRGWL")
Change component parameters (AddParameter): Name = "Link"; Value = "https://jlcpcb.com/partdetail/287763-0402B334K160NT/C301942"; VariantName = "[No Variations]"
Change component parameters (AddParameter): Name = "MPN"; Value = "0402B334K160NT"; VariantName = "[No Variations]"
Change component parameters (AddParameter): Name = "Price"; Value = "0.015"; VariantName = "[No Variations]"
Change component parameters (AddParameter): Name = "Value"; Value = "330nF"; VariantName = "[No Variations]"
Change component parameters: Designator = "C210" ("C210"); Footprint = "CAPC1608X09N"; UniqueID = "\RUYCLGTK\KXQRBNBY" ("\RUYCLGTK\KXQRBNBY")
Change component parameters (AddParameter): Name = "Link"; Value = "https://jlcpcb.com/partdetail/MurataElectronics-GRM155R71E153KA61D/C97869"; VariantName = "[No Variations]"
Change component parameters (AddParameter): Name = "MPN"; Value = "GRM155R71E153KA61D"; VariantName = "[No Variations]"
Change component parameters (AddParameter): Name = "Price"; Value = "0.0043"; VariantName = "[No Variations]"
Change component parameters (AddParameter): Name = "Value"; Value = "15nF"; VariantName = "[No Variations]"
Change component parameters: Designator = "C211" ("C211"); Footprint = "CAPC1608X09N"; UniqueID = "\RUYCLGTK\TYMGCAKB" ("\RUYCLGTK\TYMGCAKB")
Change component parameters (AddParameter): Name = "Link"; Value = "https://jlcpcb.com/partdetail/MurataElectronics-GCM155R71H104KE02D/C85858"; VariantName = "[No Variations]"
Change component parameters (AddParameter): Name = "MPN"; Value = "GCM155R71H104KE02D"; VariantName = "[No Variations]"
Change component parameters (AddParameter): Name = "Price"; Value = "0.0031"; VariantName = "[No Variations]"
Change component parameters (AddParameter): Name = "Value"; Value = "100nF"; VariantName = "[No Variations]"
Change component parameters: Designator = "C214" ("C214"); Footprint = "CAPC1608X09N"; UniqueID = "\RUYCLGTK\FKDPFEBU" ("\RUYCLGTK\FKDPFEBU")
Change component parameters (AddParameter): Name = "Link"; Value = "https://jlcpcb.com/partdetail/MurataElectronics-GCM155R71H104KE02D/C85858"; VariantName = "[No Variations]"
Change component parameters (AddParameter): Name = "MPN"; Value = "GCM155R71H104KE02D"; VariantName = "[No Variations]"
Change component parameters (AddParameter): Name = "Price"; Value = "0.0031"; VariantName = "[No Variations]"
Change component parameters (AddParameter): Name = "Value"; Value = "100nF"; VariantName = "[No Variations]"
Change component parameters: Designator = "C216" ("C216"); Footprint = "CAPC1608X09N"; UniqueID = "\RUYCLGTK\CLJUIYJX" ("\RUYCLGTK\CLJUIYJX")
Change component parameters (AddParameter): Name = "Link"; Value = "https://jlcpcb.com/partdetail/MurataElectronics-GCM155R71H104KE02D/C85858"; VariantName = "[No Variations]"
Change component parameters (AddParameter): Name = "MPN"; Value = "GCM155R71H104KE02D"; VariantName = "[No Variations]"
Change component parameters (AddParameter): Name = "Price"; Value = "0.0031"; VariantName = "[No Variations]"
Change component parameters (AddParameter): Name = "Value"; Value = "100nF"; VariantName = "[No Variations]"
Change component parameters: Designator = "C217" ("C217"); Footprint = "CAPC1608X09N"; UniqueID = "\RUYCLGTK\YMLEHCHQ" ("\RUYCLGTK\YMLEHCHQ")
Change component parameters (AddParameter): Name = "Link"; Value = "https://jlcpcb.com/partdetail/3478404-GRM155Z71A225KE44D/C2999759"; VariantName = "[No Variations]"
Change component parameters (AddParameter): Name = "MPN"; Value = "GRM155Z71A225KE44D"; VariantName = "[No Variations]"
Change component parameters (AddParameter): Name = "Price"; Value = "0.0332"; VariantName = "[No Variations]"
Change component parameters (AddParameter): Name = "Value"; Value = "2.2uF"; VariantName = "[No Variations]"
Change component parameters: Designator = "C218" ("C218"); Footprint = "CAPC1608X09N"; UniqueID = "\RUYCLGTK\KOXAUHYB" ("\RUYCLGTK\KOXAUHYB")
Change component parameters (AddParameter): Name = "Link"; Value = "https://jlcpcb.com/partdetail/MurataElectronics-GCM155R71H104KE02D/C85858"; VariantName = "[No Variations]"
Change component parameters (AddParameter): Name = "MPN"; Value = "GCM155R71H104KE02D"; VariantName = "[No Variations]"
Change component parameters (AddParameter): Name = "Price"; Value = "0.0031"; VariantName = "[No Variations]"
Change component parameters (AddParameter): Name = "Value"; Value = "100nF"; VariantName = "[No Variations]"
Change component parameters: Designator = "C219" ("C219"); Footprint = "CAPC1608X09N"; UniqueID = "\RUYCLGTK\BLRBQUNK" ("\RUYCLGTK\BLRBQUNK")
Change component parameters (AddParameter): Name = "Link"; Value = "https://jlcpcb.com/partdetail/287763-0402B334K160NT/C301942"; VariantName = "[No Variations]"
Change component parameters (AddParameter): Name = "MPN"; Value = "0402B334K160NT"; VariantName = "[No Variations]"
Change component parameters (AddParameter): Name = "Price"; Value = "0.015"; VariantName = "[No Variations]"
Change component parameters (AddParameter): Name = "Value"; Value = "330nF"; VariantName = "[No Variations]"
Change component parameters: Designator = "C220" ("C220"); Footprint = "CAPC1608X09N"; UniqueID = "\RUYCLGTK\VNLYFQZH" ("\RUYCLGTK\VNLYFQZH")
Change component parameters (AddParameter): Name = "Link"; Value = "https://jlcpcb.com/partdetail/287763-0402B334K160NT/C301942"; VariantName = "[No Variations]"
Change component parameters (AddParameter): Name = "MPN"; Value = "0402B334K160NT"; VariantName = "[No Variations]"
Change component parameters (AddParameter): Name = "Price"; Value = "0.015"; VariantName = "[No Variations]"
Change component parameters (AddParameter): Name = "Value"; Value = "330nF"; VariantName = "[No Variations]"
Change component parameters: Designator = "C221" ("C221"); Footprint = "CAPC1608X09N"; UniqueID = "\RUYCLGTK\XYVBEDYC" ("\RUYCLGTK\XYVBEDYC")
Change component parameters (AddParameter): Name = "Link"; Value = "https://jlcpcb.com/partdetail/Yageo-CC0402KRX7R7BB222/C541376"; VariantName = "[No Variations]"
Change component parameters (AddParameter): Name = "MPN"; Value = "CC0402KRX7R7BB222"; VariantName = "[No Variations]"
Change component parameters (AddParameter): Name = "Price"; Value = "0.001"; VariantName = "[No Variations]"
Change component parameters (AddParameter): Name = "Value"; Value = "2.2nF"; VariantName = "[No Variations]"
Change component parameters: Designator = "C222" ("C222"); Footprint = "CAPC1608X09N"; UniqueID = "\RUYCLGTK\VYYNXLAB" ("\RUYCLGTK\VYYNXLAB")
Change component parameters (AddParameter): Name = "Link"; Value = "https://jlcpcb.com/partdetail/Yageo-CC0402KRX7R7BB222/C541376"; VariantName = "[No Variations]"
Change component parameters (AddParameter): Name = "MPN"; Value = "CC0402KRX7R7BB222"; VariantName = "[No Variations]"
Change component parameters (AddParameter): Name = "Price"; Value = "0.001"; VariantName = "[No Variations]"
Change component parameters (AddParameter): Name = "Value"; Value = "2.2nF"; VariantName = "[No Variations]"
Change component parameters: Designator = "C223" ("C223"); Footprint = "CAPC1608X09N"; UniqueID = "\RUYCLGTK\CCNNAKAI" ("\RUYCLGTK\CCNNAKAI")
Change component parameters (AddParameter): Name = "Link"; Value = "https://jlcpcb.com/partdetail/3478404-GRM155Z71A225KE44D/C2999759"; VariantName = "[No Variations]"
Change component parameters (AddParameter): Name = "MPN"; Value = "GRM155Z71A225KE44D"; VariantName = "[No Variations]"
Change component parameters (AddParameter): Name = "Price"; Value = "0.0332"; VariantName = "[No Variations]"
Change component parameters (AddParameter): Name = "Value"; Value = "2.2uF"; VariantName = "[No Variations]"
Change component parameters: Designator = "C224" ("C224"); Footprint = "CAPC1608X09N"; UniqueID = "\RUYCLGTK\XOAPLOED" ("\RUYCLGTK\XOAPLOED")
Change component parameters (AddParameter): Name = "Link"; Value = "https://jlcpcb.com/partdetail/3478404-GRM155Z71A225KE44D/C2999759"; VariantName = "[No Variations]"
Change component parameters (AddParameter): Name = "MPN"; Value = "GRM155Z71A225KE44D"; VariantName = "[No Variations]"
Change component parameters (AddParameter): Name = "Price"; Value = "0.0332"; VariantName = "[No Variations]"
Change component parameters (AddParameter): Name = "Value"; Value = "2.2uF"; VariantName = "[No Variations]"
Change component parameters: Designator = "C225" ("C225"); Footprint = "CAPC1608X09N"; UniqueID = "\RUYCLGTK\MPMPFRVY" ("\RUYCLGTK\MPMPFRVY")
Change component parameters (AddParameter): Name = "Link"; Value = "https://jlcpcb.com/partdetail/Yageo-CC0402KRX7R7BB222/C541376"; VariantName = "[No Variations]"
Change component parameters (AddParameter): Name = "MPN"; Value = "CC0402KRX7R7BB222"; VariantName = "[No Variations]"
Change component parameters (AddParameter): Name = "Price"; Value = "0.001"; VariantName = "[No Variations]"
Change component parameters (AddParameter): Name = "Value"; Value = "2.2nF"; VariantName = "[No Variations]"
Change component parameters: Designator = "C226" ("C226"); Footprint = "CAPC1608X09N"; UniqueID = "\RUYCLGTK\JXPMQDIP" ("\RUYCLGTK\JXPMQDIP")
Change component parameters (AddParameter): Name = "Link"; Value = "https://jlcpcb.com/partdetail/Yageo-CC0402KRX7R7BB222/C541376"; VariantName = "[No Variations]"
Change component parameters (AddParameter): Name = "MPN"; Value = "CC0402KRX7R7BB222"; VariantName = "[No Variations]"
Change component parameters (AddParameter): Name = "Price"; Value = "0.001"; VariantName = "[No Variations]"
Change component parameters (AddParameter): Name = "Value"; Value = "2.2nF"; VariantName = "[No Variations]"
Change component parameters: Designator = "C227" ("C227"); Footprint = "CAPC1608X09N"; UniqueID = "\RUYCLGTK\BXQPUZVI" ("\RUYCLGTK\BXQPUZVI")
Change component parameters (AddParameter): Name = "Link"; Value = "https://jlcpcb.com/partdetail/172547-GCM155R71C683KA55D/C161166"; VariantName = "[No Variations]"
Change component parameters (AddParameter): Name = "MPN"; Value = "GCM155R71C683KA55D"; VariantName = "[No Variations]"
Change component parameters (AddParameter): Name = "Price"; Value = "0.0075"; VariantName = "[No Variations]"
Change component parameters (AddParameter): Name = "Value"; Value = "68nF"; VariantName = "[No Variations]"
Change component parameters: Designator = "C301" ("C301"); Footprint = "CAPC1608X09N"; UniqueID = "\TEYIHEUM\ZUKRAAMI" ("\TEYIHEUM\ZUKRAAMI")
Change component parameters (AddParameter): Name = "Link"; Value = "https://jlcpcb.com/partdetail/MurataElectronics-GCM155R71H104KE02D/C85858"; VariantName = "[No Variations]"
Change component parameters (AddParameter): Name = "MPN"; Value = "GCM155R71H104KE02D"; VariantName = "[No Variations]"
Change component parameters (AddParameter): Name = "Price"; Value = "0.0031"; VariantName = "[No Variations]"
Change component parameters (AddParameter): Name = "Value"; Value = "100nF"; VariantName = "[No Variations]"
Change component parameters: Designator = "C303" ("C303"); Footprint = "CAPC1608X09N"; UniqueID = "\TEYIHEUM\AKZAHTFH" ("\TEYIHEUM\AKZAHTFH")
Change component parameters (AddParameter): Name = "Link"; Value = "https://jlcpcb.com/partdetail/548880-GRM155Z71A105KE01D/C528974"; VariantName = "[No Variations]"
Change component parameters (AddParameter): Name = "MPN"; Value = "GRM155Z71A105KE01D"; VariantName = "[No Variations]"
Change component parameters (AddParameter): Name = "Price"; Value = "0.0206"; VariantName = "[No Variations]"
Change component parameters (AddParameter): Name = "Value"; Value = "1uF"; VariantName = "[No Variations]"
Change component parameters: Designator = "C304" ("C304"); Footprint = "CAPC1608X09N"; UniqueID = "\TEYIHEUM\WRUUPLOV" ("\TEYIHEUM\WRUUPLOV")
Change component parameters (AddParameter): Name = "Link"; Value = "https://jlcpcb.com/partdetail/MurataElectronics-GCM155R71H104KE02D/C85858"; VariantName = "[No Variations]"
Change component parameters (AddParameter): Name = "MPN"; Value = "GCM155R71H104KE02D"; VariantName = "[No Variations]"
Change component parameters (AddParameter): Name = "Price"; Value = "0.0031"; VariantName = "[No Variations]"
Change component parameters (AddParameter): Name = "Value"; Value = "100nF"; VariantName = "[No Variations]"
Change component parameters: Designator = "C306" ("C306"); Footprint = "CAPC1608X09N"; UniqueID = "\TEYIHEUM\PXZRIWBV" ("\TEYIHEUM\PXZRIWBV")
Change component parameters (AddParameter): Name = "Link"; Value = "https://jlcpcb.com/partdetail/MurataElectronics-GCM155R71H104KE02D/C85858"; VariantName = "[No Variations]"
Change component parameters (AddParameter): Name = "MPN"; Value = "GCM155R71H104KE02D"; VariantName = "[No Variations]"
Change component parameters (AddParameter): Name = "Price"; Value = "0.0031"; VariantName = "[No Variations]"
Change component parameters (AddParameter): Name = "Value"; Value = "100nF"; VariantName = "[No Variations]"
Change component parameters: Designator = "C307" ("C307"); Footprint = "CAPC1608X09N"; UniqueID = "\TEYIHEUM\BIMFJGLK" ("\TEYIHEUM\BIMFJGLK")
Change component parameters (AddParameter): Name = "Link"; Value = "https://jlcpcb.com/partdetail/548880-GRM155Z71A105KE01D/C528974"; VariantName = "[No Variations]"
Change component parameters (AddParameter): Name = "MPN"; Value = "GRM155Z71A105KE01D"; VariantName = "[No Variations]"
Change component parameters (AddParameter): Name = "Price"; Value = "0.0206"; VariantName = "[No Variations]"
Change component parameters (AddParameter): Name = "Value"; Value = "1uF"; VariantName = "[No Variations]"
Change component parameters: Designator = "C308" ("C308"); Footprint = "CAPC1608X09N"; UniqueID = "\TEYIHEUM\DBPTRCNB" ("\TEYIHEUM\DBPTRCNB")
Change component parameters (AddParameter): Name = "Link"; Value = "https://jlcpcb.com/partdetail/MurataElectronics-GCM155R71H104KE02D/C85858"; VariantName = "[No Variations]"
Change component parameters (AddParameter): Name = "MPN"; Value = "GCM155R71H104KE02D"; VariantName = "[No Variations]"
Change component parameters (AddParameter): Name = "Price"; Value = "0.0031"; VariantName = "[No Variations]"
Change component parameters (AddParameter): Name = "Value"; Value = "100nF"; VariantName = "[No Variations]"
Change component parameters: Designator = "C309" ("C309"); Footprint = "CAPC1608X09N"; UniqueID = "\TEYIHEUM\YWWMZDNQ" ("\TEYIHEUM\YWWMZDNQ")
Change component parameters (AddParameter): Name = "Link"; Value = "https://jlcpcb.com/partdetail/3478404-GRM155Z71A225KE44D/C2999759"; VariantName = "[No Variations]"
Change component parameters (AddParameter): Name = "MPN"; Value = "GRM155Z71A225KE44D"; VariantName = "[No Variations]"
Change component parameters (AddParameter): Name = "Price"; Value = "0.0332"; VariantName = "[No Variations]"
Change component parameters (AddParameter): Name = "Value"; Value = "2.2uF"; VariantName = "[No Variations]"
Change component parameters: Designator = "C310" ("C310"); Footprint = "CAPC1608X09N"; UniqueID = "\TEYIHEUM\RUFQDMBT" ("\TEYIHEUM\RUFQDMBT")
Change component parameters (AddParameter): Name = "Link"; Value = "https://jlcpcb.com/partdetail/548880-GRM155Z71A105KE01D/C528974"; VariantName = "[No Variations]"
Change component parameters (AddParameter): Name = "MPN"; Value = "GRM155Z71A105KE01D"; VariantName = "[No Variations]"
Change component parameters (AddParameter): Name = "Price"; Value = "0.0206"; VariantName = "[No Variations]"
Change component parameters (AddParameter): Name = "Value"; Value = "1uF"; VariantName = "[No Variations]"
Change component parameters: Designator = "C401" ("C401"); Footprint = "CAPC1608X09N"; UniqueID = "\HRNIKGVO\PEDQCSDY" ("\HRNIKGVO\PEDQCSDY")
Change component parameters (AddParameter): Name = "Link"; Value = "https://jlcpcb.com/partdetail/MurataElectronics-GCM155R71H104KE02D/C85858"; VariantName = "[No Variations]"
Change component parameters (AddParameter): Name = "MPN"; Value = "GCM155R71H104KE02D"; VariantName = "[No Variations]"
Change component parameters (AddParameter): Name = "Price"; Value = "0.0031"; VariantName = "[No Variations]"
Change component parameters (AddParameter): Name = "Value"; Value = "100nF"; VariantName = "[No Variations]"
Change component parameters: Designator = "C402" ("C402"); Footprint = "CAPC1608X09N"; UniqueID = "\HRNIKGVO\IZSFYAAZ" ("\HRNIKGVO\IZSFYAAZ")
Change component parameters (AddParameter): Name = "Link"; Value = "https://jlcpcb.com/partdetail/MurataElectronics-GRM155R71H102KA01D/C77018"; VariantName = "[No Variations]"
Change component parameters (AddParameter): Name = "MPN"; Value = "GRM155R71H102KA01D"; VariantName = "[No Variations]"
Change component parameters (AddParameter): Name = "Price"; Value = "0.0016"; VariantName = "[No Variations]"
Change component parameters (AddParameter): Name = "Value"; Value = "1nF"; VariantName = "[No Variations]"
Change component parameters: Designator = "C403" ("C403"); Footprint = "CAPC1608X09N"; UniqueID = "\HRNIKGVO\DOZOZOGY" ("\HRNIKGVO\DOZOZOGY")
Change component parameters (AddParameter): Name = "Link"; Value = "https://jlcpcb.com/partdetail/MurataElectronics-GRM155R71H102KA01D/C77018"; VariantName = "[No Variations]"
Change component parameters (AddParameter): Name = "MPN"; Value = "GRM155R71H102KA01D"; VariantName = "[No Variations]"
Change component parameters (AddParameter): Name = "Price"; Value = "0.0016"; VariantName = "[No Variations]"
Change component parameters (AddParameter): Name = "Value"; Value = "1nF"; VariantName = "[No Variations]"
Change component parameters: Designator = "C404" ("C404"); Footprint = "CAPC1608X09N"; UniqueID = "\HRNIKGVO\BYCXAIEP" ("\HRNIKGVO\BYCXAIEP")
Change component parameters (AddParameter): Name = "Link"; Value = "https://jlcpcb.com/partdetail/MurataElectronics-GRM155R71H102KA01D/C77018"; VariantName = "[No Variations]"
Change component parameters (AddParameter): Name = "MPN"; Value = "GRM155R71H102KA01D"; VariantName = "[No Variations]"
Change component parameters (AddParameter): Name = "Price"; Value = "0.0016"; VariantName = "[No Variations]"
Change component parameters (AddParameter): Name = "Value"; Value = "1nF"; VariantName = "[No Variations]"
Change component parameters: Designator = "C405" ("C405"); Footprint = "CAPC1608X09N"; UniqueID = "\HRNIKGVO\VPXNRPGA" ("\HRNIKGVO\VPXNRPGA")
Change component parameters (AddParameter): Name = "Link"; Value = "https://jlcpcb.com/partdetail/MurataElectronics-GRM155R71H102KA01D/C77018"; VariantName = "[No Variations]"
Change component parameters (AddParameter): Name = "MPN"; Value = "GRM155R71H102KA01D"; VariantName = "[No Variations]"
Change component parameters (AddParameter): Name = "Price"; Value = "0.0016"; VariantName = "[No Variations]"
Change component parameters (AddParameter): Name = "Value"; Value = "1nF"; VariantName = "[No Variations]"
Change component parameters: Designator = "C406" ("C406"); Footprint = "CAPC1608X09N"; UniqueID = "\HRNIKGVO\WFZPNPMQ" ("\HRNIKGVO\WFZPNPMQ")
Change component parameters (AddParameter): Name = "Link"; Value = "https://jlcpcb.com/partdetail/MurataElectronics-GRM155R71H102KA01D/C77018"; VariantName = "[No Variations]"
Change component parameters (AddParameter): Name = "MPN"; Value = "GRM155R71H102KA01D"; VariantName = "[No Variations]"
Change component parameters (AddParameter): Name = "Price"; Value = "0.0016"; VariantName = "[No Variations]"
Change component parameters (AddParameter): Name = "Value"; Value = "1nF"; VariantName = "[No Variations]"
Change component parameters: Designator = "C407" ("C407"); Footprint = "CAPC1608X09N"; UniqueID = "\HRNIKGVO\JJBKVPPN" ("\HRNIKGVO\JJBKVPPN")
Change component parameters (AddParameter): Name = "Link"; Value = "https://jlcpcb.com/partdetail/MurataElectronics-GRM155R71H102KA01D/C77018"; VariantName = "[No Variations]"
Change component parameters (AddParameter): Name = "MPN"; Value = "GRM155R71H102KA01D"; VariantName = "[No Variations]"
Change component parameters (AddParameter): Name = "Price"; Value = "0.0016"; VariantName = "[No Variations]"
Change component parameters (AddParameter): Name = "Value"; Value = "1nF"; VariantName = "[No Variations]"
Change component parameters: Designator = "R101" ("R101"); Footprint = "RESC1608X06N"; UniqueID = "\DYZRRIOB" ("\DYZRRIOB")
Change component parameters (AddParameter): Name = "Link"; Value = "RC0402FR-071KL"; VariantName = "[No Variations]"
Change component parameters (AddParameter): Name = "MPN"; Value = "RC0402FR-071KL"; VariantName = "[No Variations]"
Change component parameters (AddParameter): Name = "Price"; Value = "0.0006"; VariantName = "[No Variations]"
Change component parameters (AddParameter): Name = "Value"; Value = "1K"; VariantName = "[No Variations]"
Change component parameters: Designator = "R102" ("R102"); Footprint = "RESC1608X06N"; UniqueID = "\ZLHYEFRH" ("\ZLHYEFRH")
Change component parameters (AddParameter): Name = "Link"; Value = "RC0402FR-071KL"; VariantName = "[No Variations]"
Change component parameters (AddParameter): Name = "MPN"; Value = "RC0402FR-071KL"; VariantName = "[No Variations]"
Change component parameters (AddParameter): Name = "Price"; Value = "0.0006"; VariantName = "[No Variations]"
Change component parameters (AddParameter): Name = "Value"; Value = "1K"; VariantName = "[No Variations]"
Change component parameters: Designator = "R103" ("R103"); Footprint = "RESC1608X06N"; UniqueID = "\FHWABDTC" ("\FHWABDTC")
Change component parameters (AddParameter): Name = "Link"; Value = "https://jlcpcb.com/partdetail/Yageo-RC0402FR074K7L/C105871"; VariantName = "[No Variations]"
Change component parameters (AddParameter): Name = "MPN"; Value = "RC0402FR-074K7L"; VariantName = "[No Variations]"
Change component parameters (AddParameter): Name = "Price"; Value = "0.0006"; VariantName = "[No Variations]"
Change component parameters (AddParameter): Name = "Value"; Value = "4K7"; VariantName = "[No Variations]"
Change component parameters: Designator = "R104" ("R104"); Footprint = "RESC1608X06N"; UniqueID = "\LYBANITO" ("\LYBANITO")
Change component parameters (AddParameter): Name = "Link"; Value = "https://jlcpcb.com/partdetail/Yageo-RC0402FR074K7L/C105871"; VariantName = "[No Variations]"
Change component parameters (AddParameter): Name = "MPN"; Value = "RC0402FR-074K7L"; VariantName = "[No Variations]"
Change component parameters (AddParameter): Name = "Price"; Value = "0.0006"; VariantName = "[No Variations]"
Change component parameters (AddParameter): Name = "Value"; Value = "4K7"; VariantName = "[No Variations]"
Change component parameters: Designator = "R105" ("R105"); Footprint = "RESC1608X06N"; UniqueID = "\BMYZUYWB" ("\BMYZUYWB")
Change component parameters (AddParameter): Name = "Link"; Value = "RC0402FR-071KL"; VariantName = "[No Variations]"
Change component parameters (AddParameter): Name = "MPN"; Value = "RC0402FR-071KL"; VariantName = "[No Variations]"
Change component parameters (AddParameter): Name = "Price"; Value = "0.0006"; VariantName = "[No Variations]"
Change component parameters (AddParameter): Name = "Value"; Value = "1K"; VariantName = "[No Variations]"
Change component parameters: Designator = "R106" ("R106"); Footprint = "RESC1608X06N"; UniqueID = "\QYYYFYAM" ("\QYYYFYAM")
Change component parameters (AddParameter): Name = "Link"; Value = "https://jlcpcb.com/partdetail/Yageo-RC0402FR0710KL/C60490"; VariantName = "[No Variations]"
Change component parameters (AddParameter): Name = "MPN"; Value = "RC0402FR-0710KL"; VariantName = "[No Variations]"
Change component parameters (AddParameter): Name = "Price"; Value = "0.0005"; VariantName = "[No Variations]"
Change component parameters (AddParameter): Name = "Value"; Value = "10K"; VariantName = "[No Variations]"
Change component parameters: Designator = "R107" ("R107"); Footprint = "RESC1608X06N"; UniqueID = "\DRIMAZLR" ("\DRIMAZLR")
Change component parameters (AddParameter): Name = "Link"; Value = "RC0402FR-071KL"; VariantName = "[No Variations]"
Change component parameters (AddParameter): Name = "MPN"; Value = "RC0402FR-071KL"; VariantName = "[No Variations]"
Change component parameters (AddParameter): Name = "Price"; Value = "0.0006"; VariantName = "[No Variations]"
Change component parameters (AddParameter): Name = "Value"; Value = "1K"; VariantName = "[No Variations]"
Change component parameters: Designator = "R108" ("R108"); Footprint = "RESC1608X06N"; UniqueID = "\SFOLMADG" ("\SFOLMADG")
Change component parameters (AddParameter): Name = "Link"; Value = "https://jlcpcb.com/partdetail/Yageo-RC0402FR0722RL/C114765"; VariantName = "[No Variations]"
Change component parameters (AddParameter): Name = "MPN"; Value = "RC0402FR-0722RL"; VariantName = "[No Variations]"
Change component parameters (AddParameter): Name = "Price"; Value = "0.0006"; VariantName = "[No Variations]"
Change component parameters (AddParameter): Name = "Value"; Value = "22R"; VariantName = "[No Variations]"
Change component parameters: Designator = "R109" ("R109"); Footprint = "RESC1608X06N"; UniqueID = "\NHUZKOMN" ("\NHUZKOMN")
Change component parameters (AddParameter): Name = "Link"; Value = "https://jlcpcb.com/partdetail/Yageo-RC0402FR0722RL/C114765"; VariantName = "[No Variations]"
Change component parameters (AddParameter): Name = "MPN"; Value = "RC0402FR-0722RL"; VariantName = "[No Variations]"
Change component parameters (AddParameter): Name = "Price"; Value = "0.0006"; VariantName = "[No Variations]"
Change component parameters (AddParameter): Name = "Value"; Value = "22R"; VariantName = "[No Variations]"
Change component parameters: Designator = "R110" ("R110"); Footprint = "RESC1608X06N"; UniqueID = "\GMFGCAAH" ("\GMFGCAAH")
Change component parameters (AddParameter): Name = "Link"; Value = "https://jlcpcb.com/partdetail/Yageo-RC0402FR0710KL/C60490"; VariantName = "[No Variations]"
Change component parameters (AddParameter): Name = "MPN"; Value = "RC0402FR-0710KL"; VariantName = "[No Variations]"
Change component parameters (AddParameter): Name = "Price"; Value = "0.0005"; VariantName = "[No Variations]"
Change component parameters (AddParameter): Name = "Value"; Value = "10K"; VariantName = "[No Variations]"
Change component parameters: Designator = "R111" ("R111"); Footprint = "RESC1608X06N"; UniqueID = "\YGNSHHXU" ("\YGNSHHXU")
Change component parameters (AddParameter): Name = "Link"; Value = "https://jlcpcb.com/partdetail/Yageo-RC0402FR0710KL/C60490"; VariantName = "[No Variations]"
Change component parameters (AddParameter): Name = "MPN"; Value = "RC0402FR-0710KL"; VariantName = "[No Variations]"
Change component parameters (AddParameter): Name = "Price"; Value = "0.0005"; VariantName = "[No Variations]"
Change component parameters (AddParameter): Name = "Value"; Value = "10K"; VariantName = "[No Variations]"
Change component parameters: Designator = "R112" ("R112"); Footprint = "RESC1608X06N"; UniqueID = "\EQMCORRM" ("\EQMCORRM")
Change component parameters (AddParameter): Name = "Link"; Value = "https://jlcpcb.com/partdetail/Yageo-RC0402FR0710KL/C60490"; VariantName = "[No Variations]"
Change component parameters (AddParameter): Name = "MPN"; Value = "RC0402FR-0710KL"; VariantName = "[No Variations]"
Change component parameters (AddParameter): Name = "Price"; Value = "0.0005"; VariantName = "[No Variations]"
Change component parameters (AddParameter): Name = "Value"; Value = "10K"; VariantName = "[No Variations]"
Change component parameters: Designator = "R113" ("R113"); Footprint = "RESC1608X06N"; UniqueID = "\ZWKIZDUR" ("\ZWKIZDUR")
Change component parameters (AddParameter): Name = "Link"; Value = "https://jlcpcb.com/partdetail/Yageo-RC0402FR0710KL/C60490"; VariantName = "[No Variations]"
Change component parameters (AddParameter): Name = "MPN"; Value = "RC0402FR-0710KL"; VariantName = "[No Variations]"
Change component parameters (AddParameter): Name = "Price"; Value = "0.0005"; VariantName = "[No Variations]"
Change component parameters (AddParameter): Name = "Value"; Value = "10K"; VariantName = "[No Variations]"
Change component parameters: Designator = "R114" ("R114"); Footprint = "RESC1608X06N"; UniqueID = "\XSTFTPPF" ("\XSTFTPPF")
Change component parameters (AddParameter): Name = "Link"; Value = "https://jlcpcb.com/partdetail/Yageo-RC0402FR0710KL/C60490"; VariantName = "[No Variations]"
Change component parameters (AddParameter): Name = "MPN"; Value = "RC0402FR-0710KL"; VariantName = "[No Variations]"
Change component parameters (AddParameter): Name = "Price"; Value = "0.0005"; VariantName = "[No Variations]"
Change component parameters (AddParameter): Name = "Value"; Value = "10K"; VariantName = "[No Variations]"
Change component parameters: Designator = "R115" ("R115"); Footprint = "RESC1608X06N"; UniqueID = "\FKAGJBAK" ("\FKAGJBAK")
Change component parameters (AddParameter): Name = "Link"; Value = "https://jlcpcb.com/partdetail/Yageo-RC0402FR0710KL/C60490"; VariantName = "[No Variations]"
Change component parameters (AddParameter): Name = "MPN"; Value = "RC0402FR-0710KL"; VariantName = "[No Variations]"
Change component parameters (AddParameter): Name = "Price"; Value = "0.0005"; VariantName = "[No Variations]"
Change component parameters (AddParameter): Name = "Value"; Value = "10K"; VariantName = "[No Variations]"
Change component parameters: Designator = "R116" ("R116"); Footprint = "RESC1608X06N"; UniqueID = "\VTKYJHKX" ("\VTKYJHKX")
Change component parameters (AddParameter): Name = "Link"; Value = "https://jlcpcb.com/partdetail/Yageo-RC0402FR0710KL/C60490"; VariantName = "[No Variations]"
Change component parameters (AddParameter): Name = "MPN"; Value = "RC0402FR-0710KL"; VariantName = "[No Variations]"
Change component parameters (AddParameter): Name = "Price"; Value = "0.0005"; VariantName = "[No Variations]"
Change component parameters (AddParameter): Name = "Value"; Value = "10K"; VariantName = "[No Variations]"
Change component parameters: Designator = "R117" ("R117"); Footprint = "RESC1608X06N"; UniqueID = "\SZJLADMC" ("\SZJLADMC")
Change component parameters (AddParameter): Name = "Link"; Value = "https://jlcpcb.com/partdetail/Yageo-RC0402FR0710KL/C60490"; VariantName = "[No Variations]"
Change component parameters (AddParameter): Name = "MPN"; Value = "RC0402FR-0710KL"; VariantName = "[No Variations]"
Change component parameters (AddParameter): Name = "Price"; Value = "0.0005"; VariantName = "[No Variations]"
Change component parameters (AddParameter): Name = "Value"; Value = "10K"; VariantName = "[No Variations]"
Change component parameters: Designator = "R118" ("R118"); Footprint = "RESC1608X06N"; UniqueID = "\FDOONWTT" ("\FDOONWTT")
Change component parameters (AddParameter): Name = "Link"; Value = "https://jlcpcb.com/partdetail/Yageo-RC0402FR0710KL/C60490"; VariantName = "[No Variations]"
Change component parameters (AddParameter): Name = "MPN"; Value = "RC0402FR-0710KL"; VariantName = "[No Variations]"
Change component parameters (AddParameter): Name = "Price"; Value = "0.0005"; VariantName = "[No Variations]"
Change component parameters (AddParameter): Name = "Value"; Value = "10K"; VariantName = "[No Variations]"
Change component parameters: Designator = "R119" ("R119"); Footprint = "RESC1608X06N"; UniqueID = "\FSWUMOLJ" ("\FSWUMOLJ")
Change component parameters (AddParameter): Name = "Link"; Value = "https://jlcpcb.com/partdetail/Yageo-RC0402FR0710KL/C60490"; VariantName = "[No Variations]"
Change component parameters (AddParameter): Name = "MPN"; Value = "RC0402FR-0710KL"; VariantName = "[No Variations]"
Change component parameters (AddParameter): Name = "Price"; Value = "0.0005"; VariantName = "[No Variations]"
Change component parameters (AddParameter): Name = "Value"; Value = "10K"; VariantName = "[No Variations]"
Change component parameters: Designator = "R120" ("R120"); Footprint = "RESC1608X06N"; UniqueID = "\RUYKVPVK" ("\RUYKVPVK")
Change component parameters (AddParameter): Name = "Link"; Value = "https://jlcpcb.com/partdetail/Yageo-RC0402FR0710KL/C60490"; VariantName = "[No Variations]"
Change component parameters (AddParameter): Name = "MPN"; Value = "RC0402FR-0710KL"; VariantName = "[No Variations]"
Change component parameters (AddParameter): Name = "Price"; Value = "0.0005"; VariantName = "[No Variations]"
Change component parameters (AddParameter): Name = "Value"; Value = "10K"; VariantName = "[No Variations]"
Change component parameters: Designator = "R121" ("R121"); Footprint = "RESC1608X06N"; UniqueID = "\ZZCVKAUW" ("\ZZCVKAUW")
Change component parameters (AddParameter): Name = "Link"; Value = "https://jlcpcb.com/partdetail/Yageo-RC0402FR0710KL/C60490"; VariantName = "[No Variations]"
Change component parameters (AddParameter): Name = "MPN"; Value = "RC0402FR-0710KL"; VariantName = "[No Variations]"
Change component parameters (AddParameter): Name = "Price"; Value = "0.0005"; VariantName = "[No Variations]"
Change component parameters (AddParameter): Name = "Value"; Value = "10K"; VariantName = "[No Variations]"
Change component parameters: Designator = "R122" ("R122"); Footprint = "RESC1608X06N"; UniqueID = "\UPUTJJNV" ("\UPUTJJNV")
Change component parameters (AddParameter): Name = "Link"; Value = "RC0402FR-071KL"; VariantName = "[No Variations]"
Change component parameters (AddParameter): Name = "MPN"; Value = "RC0402FR-071KL"; VariantName = "[No Variations]"
Change component parameters (AddParameter): Name = "Price"; Value = "0.0006"; VariantName = "[No Variations]"
Change component parameters (AddParameter): Name = "Value"; Value = "1K"; VariantName = "[No Variations]"
Change component parameters: Designator = "R123" ("R123"); Footprint = "RESC1608X06N"; UniqueID = "\GCOKRXAP" ("\GCOKRXAP")
Change component parameters (AddParameter): Name = "Link"; Value = "RC0402FR-071KL"; VariantName = "[No Variations]"
Change component parameters (AddParameter): Name = "MPN"; Value = "RC0402FR-071KL"; VariantName = "[No Variations]"
Change component parameters (AddParameter): Name = "Price"; Value = "0.0006"; VariantName = "[No Variations]"
Change component parameters (AddParameter): Name = "Value"; Value = "1K"; VariantName = "[No Variations]"
Change component parameters: Designator = "R125" ("R125"); Footprint = "RESC1608X06N"; UniqueID = "\DBQOQJIB" ("\DBQOQJIB")
Change component parameters (AddParameter): Name = "Link"; Value = "https://jlcpcb.com/partdetail/Yageo-RC0402FR0722RL/C114765"; VariantName = "[No Variations]"
Change component parameters (AddParameter): Name = "MPN"; Value = "RC0402FR-0722RL"; VariantName = "[No Variations]"
Change component parameters (AddParameter): Name = "Price"; Value = "0.0006"; VariantName = "[No Variations]"
Change component parameters (AddParameter): Name = "Value"; Value = "22R"; VariantName = "[No Variations]"
Change component parameters: Designator = "R126" ("R126"); Footprint = "RESC1608X06N"; UniqueID = "\UMBYESNZ" ("\UMBYESNZ")
Change component parameters (AddParameter): Name = "Link"; Value = "https://jlcpcb.com/partdetail/Yageo-RC0402FR0734K8L/C327350"; VariantName = "[No Variations]"
Change component parameters (AddParameter): Name = "MPN"; Value = "RC0402FR-0734K8L"; VariantName = "[No Variations]"
Change component parameters (AddParameter): Name = "Price"; Value = "0.0006"; VariantName = "[No Variations]"
Change component parameters (AddParameter): Name = "Value"; Value = "34K8"; VariantName = "[No Variations]"
Change component parameters: Designator = "R127" ("R127"); Footprint = "RESC1608X06N"; UniqueID = "\XFWLVZPB" ("\XFWLVZPB")
Change component parameters (AddParameter): Name = "Link"; Value = "RC0402FR-071KL"; VariantName = "[No Variations]"
Change component parameters (AddParameter): Name = "MPN"; Value = "RC0402FR-071KL"; VariantName = "[No Variations]"
Change component parameters (AddParameter): Name = "Price"; Value = "0.0006"; VariantName = "[No Variations]"
Change component parameters (AddParameter): Name = "Value"; Value = "1K"; VariantName = "[No Variations]"
Change component parameters: Designator = "R128" ("R128"); Footprint = "RESC1608X06N"; UniqueID = "\BSDJNBMK" ("\BSDJNBMK")
Change component parameters (AddParameter): Name = "Link"; Value = "RC0402FR-071KL"; VariantName = "[No Variations]"
Change component parameters (AddParameter): Name = "MPN"; Value = "RC0402FR-071KL"; VariantName = "[No Variations]"
Change component parameters (AddParameter): Name = "Price"; Value = "0.0006"; VariantName = "[No Variations]"
Change component parameters (AddParameter): Name = "Value"; Value = "1K"; VariantName = "[No Variations]"
Change component parameters: Designator = "R129" ("R129"); Footprint = "RESC1608X06N"; UniqueID = "\WKKBNOWF" ("\WKKBNOWF")
Change component parameters (AddParameter): Name = "Link"; Value = "https://jlcpcb.com/partdetail/Yageo-RC0402FR0722RL/C114765"; VariantName = "[No Variations]"
Change component parameters (AddParameter): Name = "MPN"; Value = "RC0402FR-0722RL"; VariantName = "[No Variations]"
Change component parameters (AddParameter): Name = "Price"; Value = "0.0006"; VariantName = "[No Variations]"
Change component parameters (AddParameter): Name = "Value"; Value = "22R"; VariantName = "[No Variations]"
Change component parameters: Designator = "R130" ("R130"); Footprint = "RESC1608X06N"; UniqueID = "\VZROBLLU" ("\VZROBLLU")
Change component parameters (AddParameter): Name = "Link"; Value = "https://jlcpcb.com/partdetail/Yageo-RC0402FR074K99L/C137965"; VariantName = "[No Variations]"
Change component parameters (AddParameter): Name = "MPN"; Value = "RC0402FR-074K99L"; VariantName = "[No Variations]"
Change component parameters (AddParameter): Name = "Price"; Value = "0.0006"; VariantName = "[No Variations]"
Change component parameters (AddParameter): Name = "Value"; Value = "4K99"; VariantName = "[No Variations]"
Change component parameters: Designator = "R201" ("R201"); Footprint = "RESC1608X06N"; UniqueID = "\RUYCLGTK\MTQAZWUB" ("\RUYCLGTK\MTQAZWUB")
Change component parameters (AddParameter): Name = "Link"; Value = "https://jlcpcb.com/partdetail/Yageo-RC0402FR0747KL/C93943"; VariantName = "[No Variations]"
Change component parameters (AddParameter): Name = "MPN"; Value = "RC0402FR-0747KL"; VariantName = "[No Variations]"
Change component parameters (AddParameter): Name = "Price"; Value = "0.0006"; VariantName = "[No Variations]"
Change component parameters (AddParameter): Name = "Value"; Value = "47K"; VariantName = "[No Variations]"
Change component parameters: Designator = "R202" ("R202"); Footprint = "RESC2012X06N"; UniqueID = "\RUYCLGTK\KRQMVXZD" ("\RUYCLGTK\KRQMVXZD")
Change component parameters (AddParameter): Name = "Link"; Value = "https://jlcpcb.com/partdetail/Yageo-RC0402FR0727KL/C138022"; VariantName = "[No Variations]"
Change component parameters (AddParameter): Name = "MPN"; Value = "RC0402FR-0727KL"; VariantName = "[No Variations]"
Change component parameters (AddParameter): Name = "Price"; Value = "0.0006"; VariantName = "[No Variations]"
Change component parameters (AddParameter): Name = "Value"; Value = "27K"; VariantName = "[No Variations]"
Change component parameters: Designator = "R204" ("R204"); Footprint = "RESC2012X06N"; UniqueID = "\RUYCLGTK\VYAKVQMI" ("\RUYCLGTK\VYAKVQMI")
Change component parameters (AddParameter): Name = "Link"; Value = "https://jlcpcb.com/partdetail/Yageo-RC0402FR073K3L/C137992"; VariantName = "[No Variations]"
Change component parameters (AddParameter): Name = "MPN"; Value = "RC0402FR-073K3L"; VariantName = "[No Variations]"
Change component parameters (AddParameter): Name = "Price"; Value = "0.0006"; VariantName = "[No Variations]"
Change component parameters (AddParameter): Name = "Value"; Value = "3K3"; VariantName = "[No Variations]"
Change component parameters: Designator = "R205" ("R205"); Footprint = "RESC2012X06N"; UniqueID = "\RUYCLGTK\CFRGYJUS" ("\RUYCLGTK\CFRGYJUS")
Change component parameters (AddParameter): Name = "Link"; Value = "https://jlcpcb.com/partdetail/Yageo-RC0402FR0718KL/C138044"; VariantName = "[No Variations]"
Change component parameters (AddParameter): Name = "MPN"; Value = "RC0402FR-0718KL"; VariantName = "[No Variations]"
Change component parameters (AddParameter): Name = "Price"; Value = "0.0006"; VariantName = "[No Variations]"
Change component parameters (AddParameter): Name = "Value"; Value = "18K"; VariantName = "[No Variations]"
Change component parameters: Designator = "R212" ("R212"); Footprint = "RESC1608X06N"; UniqueID = "\RUYCLGTK\KZJZRSII" ("\RUYCLGTK\KZJZRSII")
Change component parameters (AddParameter): Name = "Link"; Value = "https://jlcpcb.com/partdetail/Yageo-RC0402FR0722RL/C114765"; VariantName = "[No Variations]"
Change component parameters (AddParameter): Name = "MPN"; Value = "RC0402FR-0722RL"; VariantName = "[No Variations]"
Change component parameters (AddParameter): Name = "Price"; Value = "0.0006"; VariantName = "[No Variations]"
Change component parameters (AddParameter): Name = "Value"; Value = "22R"; VariantName = "[No Variations]"
Change component parameters: Designator = "R213" ("R213"); Footprint = "RESC1608X06N"; UniqueID = "\RUYCLGTK\CBYBECIG" ("\RUYCLGTK\CBYBECIG")
Change component parameters (AddParameter): Name = "Link"; Value = "https://jlcpcb.com/partdetail/Yageo-RC0402FR0722RL/C114765"; VariantName = "[No Variations]"
Change component parameters (AddParameter): Name = "MPN"; Value = "RC0402FR-0722RL"; VariantName = "[No Variations]"
Change component parameters (AddParameter): Name = "Price"; Value = "0.0006"; VariantName = "[No Variations]"
Change component parameters (AddParameter): Name = "Value"; Value = "22R"; VariantName = "[No Variations]"
Change component parameters: Designator = "R303" ("R303"); Footprint = "RESC1608X06N"; UniqueID = "\TEYIHEUM\TODWSSOR" ("\TEYIHEUM\TODWSSOR")
Change component parameters (AddParameter): Name = "Link"; Value = "https://jlcpcb.com/partdetail/Yageo-RT0402BRD0710KL/C190095"; VariantName = "[No Variations]"
Change component parameters (AddParameter): Name = "MPN"; Value = "RT0402BRD0710KL"; VariantName = "[No Variations]"
Change component parameters (AddParameter): Name = "Price"; Value = "0.0156"; VariantName = "[No Variations]"
Change component parameters (AddParameter): Name = "Value"; Value = "620R 0.1%"; VariantName = "[No Variations]"
Change component parameters: Designator = "R305" ("R305"); Footprint = "RESC1608X06N"; UniqueID = "\TEYIHEUM\XGSIBFAT" ("\TEYIHEUM\XGSIBFAT")
Change component parameters (AddParameter): Name = "Link"; Value = "RC0402FR-071KL"; VariantName = "[No Variations]"
Change component parameters (AddParameter): Name = "MPN"; Value = "RC0402FR-071KL"; VariantName = "[No Variations]"
Change component parameters (AddParameter): Name = "Price"; Value = "0.0006"; VariantName = "[No Variations]"
Change component parameters (AddParameter): Name = "Value"; Value = "1K"; VariantName = "[No Variations]"
Change component parameters: Designator = "R309" ("R309"); Footprint = "RESC1608X06N"; UniqueID = "\TEYIHEUM\FPDDYXQV" ("\TEYIHEUM\FPDDYXQV")
Change component parameters (AddParameter): Name = "Link"; Value = "https://jlcpcb.com/partdetail/Yageo-RT0402BRD0710KL/C190095"; VariantName = "[No Variations]"
Change component parameters (AddParameter): Name = "MPN"; Value = "RT0402BRD0710KL"; VariantName = "[No Variations]"
Change component parameters (AddParameter): Name = "Price"; Value = "0.0156"; VariantName = "[No Variations]"
Change component parameters (AddParameter): Name = "Value"; Value = "620R 0.1%"; VariantName = "[No Variations]"
Change component parameters: Designator = "R312" ("R312"); Footprint = "RESC1608X06N"; UniqueID = "\TEYIHEUM\TPAGCYLM" ("\TEYIHEUM\TPAGCYLM")
Change component parameters (AddParameter): Name = "Link"; Value = "RC0402FR-071KL"; VariantName = "[No Variations]"
Change component parameters (AddParameter): Name = "MPN"; Value = "RC0402FR-071KL"; VariantName = "[No Variations]"
Change component parameters (AddParameter): Name = "Price"; Value = "0.0006"; VariantName = "[No Variations]"
Change component parameters (AddParameter): Name = "Value"; Value = "1K"; VariantName = "[No Variations]"
Change component parameters: Designator = "R315" ("R315"); Footprint = "RESC2012X06N"; UniqueID = "\TEYIHEUM\BBVGQNIJ" ("\TEYIHEUM\BBVGQNIJ")
Change component parameters (AddParameter): Name = "Link"; Value = "https://jlcpcb.com/partdetail/Yageo-RC0402FR073K3L/C137992"; VariantName = "[No Variations]"
Change component parameters (AddParameter): Name = "MPN"; Value = "RC0402FR-073K3L"; VariantName = "[No Variations]"
Change component parameters (AddParameter): Name = "Price"; Value = "0.0006"; VariantName = "[No Variations]"
Change component parameters (AddParameter): Name = "Value"; Value = "3K3"; VariantName = "[No Variations]"
Change component parameters: Designator = "R316" ("R316"); Footprint = "RESC1608X06N"; UniqueID = "\TEYIHEUM\RGPHRFVJ" ("\TEYIHEUM\RGPHRFVJ")
Change component parameters (AddParameter): Name = "Link"; Value = "RC0402FR-071KL"; VariantName = "[No Variations]"
Change component parameters (AddParameter): Name = "MPN"; Value = "RC0402FR-071KL"; VariantName = "[No Variations]"
Change component parameters (AddParameter): Name = "Price"; Value = "0.0006"; VariantName = "[No Variations]"
Change component parameters (AddParameter): Name = "Value"; Value = "1K"; VariantName = "[No Variations]"
Change component parameters: Designator = "R317" ("R317"); Footprint = "RESC2012X06N"; UniqueID = "\TEYIHEUM\HNHXUOOR" ("\TEYIHEUM\HNHXUOOR")
Change component parameters (AddParameter): Name = "Link"; Value = "https://jlcpcb.com/partdetail/Yageo-RC0402FR075K6L/C163457"; VariantName = "[No Variations]"
Change component parameters (AddParameter): Name = "MPN"; Value = "RC0402FR-075K6L"; VariantName = "[No Variations]"
Change component parameters (AddParameter): Name = "Price"; Value = "0.0005"; VariantName = "[No Variations]"
Change component parameters (AddParameter): Name = "Value"; Value = "5K6"; VariantName = "[No Variations]"
Change component parameters: Designator = "R401" ("R401"); Footprint = "RESC1608X06N"; UniqueID = "\HRNIKGVO\ERACWDXM" ("\HRNIKGVO\ERACWDXM")
Change component parameters (AddParameter): Name = "Link"; Value = "https://jlcpcb.com/partdetail/Yageo-RC0402FR0710KL/C60490"; VariantName = "[No Variations]"
Change component parameters (AddParameter): Name = "MPN"; Value = "RC0402FR-0710KL"; VariantName = "[No Variations]"
Change component parameters (AddParameter): Name = "Price"; Value = "0.0005"; VariantName = "[No Variations]"
Change component parameters (AddParameter): Name = "Value"; Value = "10K"; VariantName = "[No Variations]"
Change component parameters: Designator = "R402" ("R402"); Footprint = "RESC1608X06N"; UniqueID = "\HRNIKGVO\ONFIKECR" ("\HRNIKGVO\ONFIKECR")
Change component parameters (AddParameter): Name = "Link"; Value = "https://jlcpcb.com/partdetail/Yageo-RC0402FR0710KL/C60490"; VariantName = "[No Variations]"
Change component parameters (AddParameter): Name = "MPN"; Value = "RC0402FR-0710KL"; VariantName = "[No Variations]"
Change component parameters (AddParameter): Name = "Price"; Value = "0.0005"; VariantName = "[No Variations]"
Change component parameters (AddParameter): Name = "Value"; Value = "10K"; VariantName = "[No Variations]"
Change component parameters: Designator = "R403" ("R403"); Footprint = "RESC1608X06N"; UniqueID = "\HRNIKGVO\BKHLYSLI" ("\HRNIKGVO\BKHLYSLI")
Change component parameters (AddParameter): Name = "Link"; Value = "https://jlcpcb.com/partdetail/Yageo-RC0402FR0710KL/C60490"; VariantName = "[No Variations]"
Change component parameters (AddParameter): Name = "MPN"; Value = "RC0402FR-0710KL"; VariantName = "[No Variations]"
Change component parameters (AddParameter): Name = "Price"; Value = "0.0005"; VariantName = "[No Variations]"
Change component parameters (AddParameter): Name = "Value"; Value = "10K"; VariantName = "[No Variations]"
Change component parameters: Designator = "R404" ("R404"); Footprint = "RESC1608X06N"; UniqueID = "\HRNIKGVO\YDVWSCTG" ("\HRNIKGVO\YDVWSCTG")
Change component parameters (AddParameter): Name = "Link"; Value = "https://jlcpcb.com/partdetail/Yageo-RC0402FR0710KL/C60490"; VariantName = "[No Variations]"
Change component parameters (AddParameter): Name = "MPN"; Value = "RC0402FR-0710KL"; VariantName = "[No Variations]"
Change component parameters (AddParameter): Name = "Price"; Value = "0.0005"; VariantName = "[No Variations]"
Change component parameters (AddParameter): Name = "Value"; Value = "10K"; VariantName = "[No Variations]"
Change component parameters: Designator = "R405" ("R405"); Footprint = "RESC1608X06N"; UniqueID = "\HRNIKGVO\FKYYXCLV" ("\HRNIKGVO\FKYYXCLV")
Change component parameters (AddParameter): Name = "Link"; Value = "https://jlcpcb.com/partdetail/Yageo-RC0402FR0710KL/C60490"; VariantName = "[No Variations]"
Change component parameters (AddParameter): Name = "MPN"; Value = "RC0402FR-0710KL"; VariantName = "[No Variations]"
Change component parameters (AddParameter): Name = "Price"; Value = "0.0005"; VariantName = "[No Variations]"
Change component parameters (AddParameter): Name = "Value"; Value = "10K"; VariantName = "[No Variations]"
Change component parameters: Designator = "R406" ("R406"); Footprint = "RESC1608X06N"; UniqueID = "\HRNIKGVO\QSTOYABH" ("\HRNIKGVO\QSTOYABH")
Change component parameters (AddParameter): Name = "Link"; Value = "https://jlcpcb.com/partdetail/Yageo-RC0402FR0710KL/C60490"; VariantName = "[No Variations]"
Change component parameters (AddParameter): Name = "MPN"; Value = "RC0402FR-0710KL"; VariantName = "[No Variations]"
Change component parameters (AddParameter): Name = "Price"; Value = "0.0005"; VariantName = "[No Variations]"
Change component parameters (AddParameter): Name = "Value"; Value = "10K"; VariantName = "[No Variations]"
Change component parameters: Designator = "R407" ("R407"); Footprint = "RESC1608X06N"; UniqueID = "\HRNIKGVO\TBPHATJR" ("\HRNIKGVO\TBPHATJR")
Change component parameters (AddParameter): Name = "Link"; Value = "RC0402FR-071KL"; VariantName = "[No Variations]"
Change component parameters (AddParameter): Name = "MPN"; Value = "RC0402FR-071KL"; VariantName = "[No Variations]"
Change component parameters (AddParameter): Name = "Price"; Value = "0.0006"; VariantName = "[No Variations]"
Change component parameters (AddParameter): Name = "Value"; Value = "1K"; VariantName = "[No Variations]"
Change component parameters: Designator = "R408" ("R408"); Footprint = "RESC1608X06N"; UniqueID = "\HRNIKGVO\RDRHBUBE" ("\HRNIKGVO\RDRHBUBE")
Change component parameters (AddParameter): Name = "Link"; Value = "RC0402FR-071KL"; VariantName = "[No Variations]"
Change component parameters (AddParameter): Name = "MPN"; Value = "RC0402FR-071KL"; VariantName = "[No Variations]"
Change component parameters (AddParameter): Name = "Price"; Value = "0.0006"; VariantName = "[No Variations]"
Change component parameters (AddParameter): Name = "Value"; Value = "1K"; VariantName = "[No Variations]"
Change component parameters: Designator = "R409" ("R409"); Footprint = "RESC1608X06N"; UniqueID = "\HRNIKGVO\KMGJBJQS" ("\HRNIKGVO\KMGJBJQS")
Change component parameters (AddParameter): Name = "Link"; Value = "RC0402FR-071KL"; VariantName = "[No Variations]"
Change component parameters (AddParameter): Name = "MPN"; Value = "RC0402FR-071KL"; VariantName = "[No Variations]"
Change component parameters (AddParameter): Name = "Price"; Value = "0.0006"; VariantName = "[No Variations]"
Change component parameters (AddParameter): Name = "Value"; Value = "1K"; VariantName = "[No Variations]"
Change component parameters: Designator = "R410" ("R410"); Footprint = "RESC1608X06N"; UniqueID = "\HRNIKGVO\VRWLJRQM" ("\HRNIKGVO\VRWLJRQM")
Change component parameters (AddParameter): Name = "Link"; Value = "RC0402FR-071KL"; VariantName = "[No Variations]"
Change component parameters (AddParameter): Name = "MPN"; Value = "RC0402FR-071KL"; VariantName = "[No Variations]"
Change component parameters (AddParameter): Name = "Price"; Value = "0.0006"; VariantName = "[No Variations]"
Change component parameters (AddParameter): Name = "Value"; Value = "1K"; VariantName = "[No Variations]"
Change component parameters: Designator = "R411" ("R411"); Footprint = "RESC1608X06N"; UniqueID = "\HRNIKGVO\BTFQHIAH" ("\HRNIKGVO\BTFQHIAH")
Change component parameters (AddParameter): Name = "Link"; Value = "RC0402FR-071KL"; VariantName = "[No Variations]"
Change component parameters (AddParameter): Name = "MPN"; Value = "RC0402FR-071KL"; VariantName = "[No Variations]"
Change component parameters (AddParameter): Name = "Price"; Value = "0.0006"; VariantName = "[No Variations]"
Change component parameters (AddParameter): Name = "Value"; Value = "1K"; VariantName = "[No Variations]"
Change component parameters: Designator = "R412" ("R412"); Footprint = "RESC1608X06N"; UniqueID = "\HRNIKGVO\GWTYPJYB" ("\HRNIKGVO\GWTYPJYB")
Change component parameters (AddParameter): Name = "Link"; Value = "RC0402FR-071KL"; VariantName = "[No Variations]"
Change component parameters (AddParameter): Name = "MPN"; Value = "RC0402FR-071KL"; VariantName = "[No Variations]"
Change component parameters (AddParameter): Name = "Price"; Value = "0.0006"; VariantName = "[No Variations]"
Change component parameters (AddParameter): Name = "Value"; Value = "1K"; VariantName = "[No Variations]"
Added Room: Name=Main_CPU
Added Room: Name=U_Analog_Signal_Cond
Added Room: Name=U_Dig_Encoder_Interface
Added Room: Name=U_Gate_Driver
Added Room: Name=U_Inverter
