Added Component: Designator=D101(SODFL1608X70N)
Add component (AddParameter): Name = "Arrow Part Number"; Value = "ESD5Z5.0T1G"; VariantName = "[No Variations]"
Add component (AddParameter): Name = "Arrow Price/Stock"; Value = "https://www.arrow.com/en/products/esd5z5.0t1g/on-semiconductor?utm_currency=USD&region=nac"; VariantName = "[No Variations]"
Add component (AddParameter): Name = "Datasheet Link"; Value = "http://www.onsemi.com/pub/Collateral/ESD5Z2.5T1-D.PDF"; VariantName = "[No Variations]"
Add component (AddParameter): Name = "Height"; Value = "0.7mm"; VariantName = "[No Variations]"
Add component (AddParameter): Name = "Link"; Value = "https://www.lcsc.com/product-detail/ESD-and-Surge-Protection-TVS-ESD_BORN-ESD5Z5-0T1G_C343989.html?s_z=n_tvs"; VariantName = "[No Variations]"
Add component (AddParameter): Name = "Manufacturer_Name"; Value = "onsemi"; VariantName = "[No Variations]"
Add component (AddParameter): Name = "Mouser Part Number"; Value = "863-ESD5Z5.0T1G"; VariantName = "[No Variations]"
Add component (AddParameter): Name = "Mouser Price/Stock"; Value = "https://www.mouser.co.uk/ProductDetail/onsemi/ESD5Z5.0T1G?qs=OSf9jACorvYw3fDx1S8P6A%3D%3D"; VariantName = "[No Variations]"
Add component (AddParameter): Name = "MPN"; Value = "ESD5Z5.0T1G"; VariantName = "[No Variations]"
Add component (AddParameter): Name = "Price"; Value = "0.019"; VariantName = "[No Variations]"
Added Component: Designator=D102(SODFL1608X70N)
Add component (AddParameter): Name = "Arrow Part Number"; Value = "ESD5Z5.0T1G"; VariantName = "[No Variations]"
Add component (AddParameter): Name = "Arrow Price/Stock"; Value = "https://www.arrow.com/en/products/esd5z5.0t1g/on-semiconductor?utm_currency=USD&region=nac"; VariantName = "[No Variations]"
Add component (AddParameter): Name = "Datasheet Link"; Value = "http://www.onsemi.com/pub/Collateral/ESD5Z2.5T1-D.PDF"; VariantName = "[No Variations]"
Add component (AddParameter): Name = "Height"; Value = "0.7mm"; VariantName = "[No Variations]"
Add component (AddParameter): Name = "Link"; Value = "https://www.lcsc.com/product-detail/ESD-and-Surge-Protection-TVS-ESD_BORN-ESD5Z5-0T1G_C343989.html?s_z=n_tvs"; VariantName = "[No Variations]"
Add component (AddParameter): Name = "Manufacturer_Name"; Value = "onsemi"; VariantName = "[No Variations]"
Add component (AddParameter): Name = "Mouser Part Number"; Value = "863-ESD5Z5.0T1G"; VariantName = "[No Variations]"
Add component (AddParameter): Name = "Mouser Price/Stock"; Value = "https://www.mouser.co.uk/ProductDetail/onsemi/ESD5Z5.0T1G?qs=OSf9jACorvYw3fDx1S8P6A%3D%3D"; VariantName = "[No Variations]"
Add component (AddParameter): Name = "MPN"; Value = "ESD5Z5.0T1G"; VariantName = "[No Variations]"
Add component (AddParameter): Name = "Price"; Value = "0.019"; VariantName = "[No Variations]"
Added Component: Designator=D103(SODFL1608X70N)
Add component (AddParameter): Name = "Arrow Part Number"; Value = "ESD5Z5.0T1G"; VariantName = "[No Variations]"
Add component (AddParameter): Name = "Arrow Price/Stock"; Value = "https://www.arrow.com/en/products/esd5z5.0t1g/on-semiconductor?utm_currency=USD&region=nac"; VariantName = "[No Variations]"
Add component (AddParameter): Name = "Datasheet Link"; Value = "http://www.onsemi.com/pub/Collateral/ESD5Z2.5T1-D.PDF"; VariantName = "[No Variations]"
Add component (AddParameter): Name = "Height"; Value = "0.7mm"; VariantName = "[No Variations]"
Add component (AddParameter): Name = "Link"; Value = "https://www.lcsc.com/product-detail/ESD-and-Surge-Protection-TVS-ESD_BORN-ESD5Z5-0T1G_C343989.html?s_z=n_tvs"; VariantName = "[No Variations]"
Add component (AddParameter): Name = "Manufacturer_Name"; Value = "onsemi"; VariantName = "[No Variations]"
Add component (AddParameter): Name = "Mouser Part Number"; Value = "863-ESD5Z5.0T1G"; VariantName = "[No Variations]"
Add component (AddParameter): Name = "Mouser Price/Stock"; Value = "https://www.mouser.co.uk/ProductDetail/onsemi/ESD5Z5.0T1G?qs=OSf9jACorvYw3fDx1S8P6A%3D%3D"; VariantName = "[No Variations]"
Add component (AddParameter): Name = "MPN"; Value = "ESD5Z5.0T1G"; VariantName = "[No Variations]"
Add component (AddParameter): Name = "Price"; Value = "0.019"; VariantName = "[No Variations]"
Added Component: Designator=D104(SODFL1608X70N)
Add component (AddParameter): Name = "Arrow Part Number"; Value = "ESD5Z5.0T1G"; VariantName = "[No Variations]"
Add component (AddParameter): Name = "Arrow Price/Stock"; Value = "https://www.arrow.com/en/products/esd5z5.0t1g/on-semiconductor?utm_currency=USD&region=nac"; VariantName = "[No Variations]"
Add component (AddParameter): Name = "Datasheet Link"; Value = "http://www.onsemi.com/pub/Collateral/ESD5Z2.5T1-D.PDF"; VariantName = "[No Variations]"
Add component (AddParameter): Name = "Height"; Value = "0.7mm"; VariantName = "[No Variations]"
Add component (AddParameter): Name = "Link"; Value = "https://www.lcsc.com/product-detail/ESD-and-Surge-Protection-TVS-ESD_BORN-ESD5Z5-0T1G_C343989.html?s_z=n_tvs"; VariantName = "[No Variations]"
Add component (AddParameter): Name = "Manufacturer_Name"; Value = "onsemi"; VariantName = "[No Variations]"
Add component (AddParameter): Name = "Mouser Part Number"; Value = "863-ESD5Z5.0T1G"; VariantName = "[No Variations]"
Add component (AddParameter): Name = "Mouser Price/Stock"; Value = "https://www.mouser.co.uk/ProductDetail/onsemi/ESD5Z5.0T1G?qs=OSf9jACorvYw3fDx1S8P6A%3D%3D"; VariantName = "[No Variations]"
Add component (AddParameter): Name = "MPN"; Value = "ESD5Z5.0T1G"; VariantName = "[No Variations]"
Add component (AddParameter): Name = "Price"; Value = "0.019"; VariantName = "[No Variations]"
Added Component: Designator=D105(SODFL1608X70N)
Add component (AddParameter): Name = "Arrow Part Number"; Value = "ESD5Z5.0T1G"; VariantName = "[No Variations]"
Add component (AddParameter): Name = "Arrow Price/Stock"; Value = "https://www.arrow.com/en/products/esd5z5.0t1g/on-semiconductor?utm_currency=USD&region=nac"; VariantName = "[No Variations]"
Add component (AddParameter): Name = "Datasheet Link"; Value = "http://www.onsemi.com/pub/Collateral/ESD5Z2.5T1-D.PDF"; VariantName = "[No Variations]"
Add component (AddParameter): Name = "Height"; Value = "0.7mm"; VariantName = "[No Variations]"
Add component (AddParameter): Name = "Link"; Value = "https://www.lcsc.com/product-detail/ESD-and-Surge-Protection-TVS-ESD_BORN-ESD5Z5-0T1G_C343989.html?s_z=n_tvs"; VariantName = "[No Variations]"
Add component (AddParameter): Name = "Manufacturer_Name"; Value = "onsemi"; VariantName = "[No Variations]"
Add component (AddParameter): Name = "Mouser Part Number"; Value = "863-ESD5Z5.0T1G"; VariantName = "[No Variations]"
Add component (AddParameter): Name = "Mouser Price/Stock"; Value = "https://www.mouser.co.uk/ProductDetail/onsemi/ESD5Z5.0T1G?qs=OSf9jACorvYw3fDx1S8P6A%3D%3D"; VariantName = "[No Variations]"
Add component (AddParameter): Name = "MPN"; Value = "ESD5Z5.0T1G"; VariantName = "[No Variations]"
Add component (AddParameter): Name = "Price"; Value = "0.019"; VariantName = "[No Variations]"
Added Component: Designator=D301(SODFL1608X70N)
Add component (AddParameter): Name = "Arrow Part Number"; Value = "ESD5Z5.0T1G"; VariantName = "[No Variations]"
Add component (AddParameter): Name = "Arrow Price/Stock"; Value = "https://www.arrow.com/en/products/esd5z5.0t1g/on-semiconductor?utm_currency=USD&region=nac"; VariantName = "[No Variations]"
Add component (AddParameter): Name = "Datasheet Link"; Value = "http://www.onsemi.com/pub/Collateral/ESD5Z2.5T1-D.PDF"; VariantName = "[No Variations]"
Add component (AddParameter): Name = "Height"; Value = "0.7mm"; VariantName = "[No Variations]"
Add component (AddParameter): Name = "Link"; Value = "https://www.lcsc.com/product-detail/ESD-and-Surge-Protection-TVS-ESD_BORN-ESD5Z5-0T1G_C343989.html?s_z=n_tvs"; VariantName = "[No Variations]"
Add component (AddParameter): Name = "Manufacturer_Name"; Value = "onsemi"; VariantName = "[No Variations]"
Add component (AddParameter): Name = "Mouser Part Number"; Value = "863-ESD5Z5.0T1G"; VariantName = "[No Variations]"
Add component (AddParameter): Name = "Mouser Price/Stock"; Value = "https://www.mouser.co.uk/ProductDetail/onsemi/ESD5Z5.0T1G?qs=OSf9jACorvYw3fDx1S8P6A%3D%3D"; VariantName = "[No Variations]"
Add component (AddParameter): Name = "MPN"; Value = "ESD5Z5.0T1G"; VariantName = "[No Variations]"
Add component (AddParameter): Name = "Price"; Value = "0.019"; VariantName = "[No Variations]"
Added Component: Designator=J105(PCB_CONN_6)
Added Pin To Net: NetName=ADC_IN15 Pin=D101-1
Added Pin To Net: NetName=AGND Pin=D101-2
Added Pin To Net: NetName=ADC_IN14 Pin=D102-1
Added Pin To Net: NetName=AGND Pin=D102-2
Added Pin To Net: NetName=ADC_IN13 Pin=D103-1
Added Pin To Net: NetName=AGND Pin=D103-2
Added Pin To Net: NetName=ADC_IN12 Pin=D104-1
Added Pin To Net: NetName=AGND Pin=D104-2
Added Pin To Net: NetName=ADC_IN8 Pin=D105-1
Added Pin To Net: NetName=AGND Pin=D105-2
Added Pin To Net: NetName=NetD301_1 Pin=D301-1
Added Pin To Net: NetName=AGND Pin=D301-2
Added Pin To Net: NetName=NetJ105_1 Pin=J105-1
Added Pin To Net: NetName=NetJ105_2 Pin=J105-2
Added Pin To Net: NetName=NetJ105_3 Pin=J105-3
Added Pin To Net: NetName=NetJ105_4 Pin=J105-4
Added Pin To Net: NetName=NetJ105_5 Pin=J105-5
Added Pin To Net: NetName=AGND Pin=J105-6
Added Member To Class: ClassName=Main_CPU Member=Component D101 ESD5Z5.0T1G
Added Member To Class: ClassName=Main_CPU Member=Component D102 ESD5Z5.0T1G
Added Member To Class: ClassName=Main_CPU Member=Component D103 ESD5Z5.0T1G
Added Member To Class: ClassName=Main_CPU Member=Component D104 ESD5Z5.0T1G
Added Member To Class: ClassName=Main_CPU Member=Component D105 ESD5Z5.0T1G
Added Member To Class: ClassName=U_Analog_Signal_Cond Member=Component D301 ESD5Z5.0T1G
Added Member To Class: ClassName=Main_CPU Member=Component J105 PCB_Conn_6P
