Removed Pin From Net: NetName=SWDIO Pin=IC101-46
Removed Pin From Net: NetName=SWCLK Pin=IC101-49
Change Component Kind : Designator=Jright_1 Old Kind=Standard (No BOM) New Kind=Standard
Change Component Kind : Designator=Jright_2 Old Kind=Standard (No BOM) New Kind=Standard
Change Component Kind : Designator=Jright_3 Old Kind=Standard (No BOM) New Kind=Standard
Change Component Kind : Designator=Jleft_6 Old Kind=Standard (No BOM) New Kind=Standard
Change Component Kind : Designator=Jleft_7 Old Kind=Standard (No BOM) New Kind=Standard
Change Component Kind : Designator=Jleft_8 Old Kind=Standard (No BOM) New Kind=Standard
Change Component Kind : Designator=Jright_4 Old Kind=Standard (No BOM) New Kind=Standard
Change Component Kind : Designator=Jright_8 Old Kind=Standard (No BOM) New Kind=Standard
Change Component Kind : Designator=Jtop_1 Old Kind=Standard (No BOM) New Kind=Standard
Change Component Kind : Designator=Jtop_2 Old Kind=Standard (No BOM) New Kind=Standard
Change Component Kind : Designator=Jright_5 Old Kind=Standard (No BOM) New Kind=Standard
Change Component Kind : Designator=Jright_6 Old Kind=Standard (No BOM) New Kind=Standard
Change Component Kind : Designator=Jright_7 Old Kind=Standard (No BOM) New Kind=Standard
Change Component Kind : Designator=Jbot_4 Old Kind=Standard (No BOM) New Kind=Standard
Change Component Kind : Designator=Jbot_5 Old Kind=Standard (No BOM) New Kind=Standard
Change Component Kind : Designator=Jbot_6 Old Kind=Standard (No BOM) New Kind=Standard
Change Component Kind : Designator=Jbot_1 Old Kind=Standard (No BOM) New Kind=Standard
Change Component Kind : Designator=Jbot_2 Old Kind=Standard (No BOM) New Kind=Standard
Change Component Kind : Designator=Jbot_3 Old Kind=Standard (No BOM) New Kind=Standard
Change Component Kind : Designator=Jbot_7 Old Kind=Standard (No BOM) New Kind=Standard
Change Component Kind : Designator=Jleft_3 Old Kind=Standard (No BOM) New Kind=Standard
Change Component Kind : Designator=Jleft_4 Old Kind=Standard (No BOM) New Kind=Standard
Change Component Kind : Designator=Jleft_5 Old Kind=Standard (No BOM) New Kind=Standard
Change Component Kind : Designator=Jbot_8 Old Kind=Standard (No BOM) New Kind=Standard
Change Component Kind : Designator=Jleft_1 Old Kind=Standard (No BOM) New Kind=Standard
Change Component Kind : Designator=Jleft_2 Old Kind=Standard (No BOM) New Kind=Standard
Change component parameters: Designator = "Jbot_1" ("Jbot_1"); Footprint = "Pin_1mm"; UniqueID = "\ENFWFLUA" ("\ENFWFLUA")
Change component parameters (AddParameter): Name = "Link"; Value = "https://www.lcsc.com/product-detail/Female-Headers_XKB-Connection-X5511FV-02-C70D30-1000_C2684752.html"; VariantName = "[No Variations]"
Change component parameters (AddParameter): Name = "MPN"; Value = "X5511FV-02-C70D30-1000"; VariantName = "[No Variations]"
Change component parameters (AddParameter): Name = "Price"; Value = "0.0742"; VariantName = "[No Variations]"
Change component parameters: Designator = "Jbot_2" ("Jbot_2"); Footprint = "Pin_1mm"; UniqueID = "\ECESJVHB" ("\ECESJVHB")
Change component parameters (AddParameter): Name = "Link"; Value = "https://www.lcsc.com/product-detail/Female-Headers_XKB-Connection-X5511FV-02-C70D30-1000_C2684752.html"; VariantName = "[No Variations]"
Change component parameters (AddParameter): Name = "MPN"; Value = "X5511FV-02-C70D30-1000"; VariantName = "[No Variations]"
Change component parameters (AddParameter): Name = "Price"; Value = "0.0742"; VariantName = "[No Variations]"
Change component parameters: Designator = "Jbot_3" ("Jbot_3"); Footprint = "Pin_1mm"; UniqueID = "\FGQCYRVI" ("\FGQCYRVI")
Change component parameters (AddParameter): Name = "Link"; Value = "https://www.lcsc.com/product-detail/Female-Headers_XKB-Connection-X5511FV-02-C70D30-1000_C2684752.html"; VariantName = "[No Variations]"
Change component parameters (AddParameter): Name = "MPN"; Value = "X5511FV-02-C70D30-1000"; VariantName = "[No Variations]"
Change component parameters (AddParameter): Name = "Price"; Value = "0.0742"; VariantName = "[No Variations]"
Change component parameters: Designator = "Jbot_4" ("Jbot_4"); Footprint = "Pin_1mm"; UniqueID = "\MWZIKCTW" ("\MWZIKCTW")
Change component parameters (AddParameter): Name = "Link"; Value = "https://www.lcsc.com/product-detail/Female-Headers_XKB-Connection-X5511FV-02-C70D30-1000_C2684752.html"; VariantName = "[No Variations]"
Change component parameters (AddParameter): Name = "MPN"; Value = "X5511FV-02-C70D30-1000"; VariantName = "[No Variations]"
Change component parameters (AddParameter): Name = "Price"; Value = "0.0742"; VariantName = "[No Variations]"
Change component parameters: Designator = "Jbot_5" ("Jbot_5"); Footprint = "Pin_1mm"; UniqueID = "\AHFJJJMM" ("\AHFJJJMM")
Change component parameters (AddParameter): Name = "Link"; Value = "https://www.lcsc.com/product-detail/Female-Headers_XKB-Connection-X5511FV-02-C70D30-1000_C2684752.html"; VariantName = "[No Variations]"
Change component parameters (AddParameter): Name = "MPN"; Value = "X5511FV-02-C70D30-1000"; VariantName = "[No Variations]"
Change component parameters (AddParameter): Name = "Price"; Value = "0.0742"; VariantName = "[No Variations]"
Change component parameters: Designator = "Jbot_6" ("Jbot_6"); Footprint = "Pin_1mm"; UniqueID = "\PTLURPMS" ("\PTLURPMS")
Change component parameters (AddParameter): Name = "Link"; Value = "https://www.lcsc.com/product-detail/Female-Headers_XKB-Connection-X5511FV-02-C70D30-1000_C2684752.html"; VariantName = "[No Variations]"
Change component parameters (AddParameter): Name = "MPN"; Value = "X5511FV-02-C70D30-1000"; VariantName = "[No Variations]"
Change component parameters (AddParameter): Name = "Price"; Value = "0.0742"; VariantName = "[No Variations]"
Change component parameters: Designator = "Jbot_7" ("Jbot_7"); Footprint = "Pin_1mm"; UniqueID = "\FGPPGXNS" ("\FGPPGXNS")
Change component parameters (AddParameter): Name = "Link"; Value = "https://www.lcsc.com/product-detail/Female-Headers_XKB-Connection-X5511FV-02-C70D30-1000_C2684752.html"; VariantName = "[No Variations]"
Change component parameters (AddParameter): Name = "MPN"; Value = "X5511FV-02-C70D30-1000"; VariantName = "[No Variations]"
Change component parameters (AddParameter): Name = "Price"; Value = "0.0742"; VariantName = "[No Variations]"
Change component parameters: Designator = "Jbot_8" ("Jbot_8"); Footprint = "Pin_1.5mm"; UniqueID = "\ZWNHCOPK" ("\ZWNHCOPK")
Change component parameters (AddParameter): Name = "Link"; Value = "https://www.lcsc.com/product-detail/Female-Headers_XKB-Connection-X5511FV-02-C70D30-1000_C2684752.html"; VariantName = "[No Variations]"
Change component parameters (AddParameter): Name = "MPN"; Value = "X5511FV-02-C70D30-1000"; VariantName = "[No Variations]"
Change component parameters (AddParameter): Name = "Price"; Value = "0.0742"; VariantName = "[No Variations]"
Change component parameters: Designator = "Jleft_1" ("Jleft_1"); Footprint = "Pin_1mm"; UniqueID = "\USTIMPQX" ("\USTIMPQX")
Change component parameters (AddParameter): Name = "Link"; Value = "https://www.lcsc.com/product-detail/Female-Headers_XKB-Connection-X5511FV-02-C70D30-1000_C2684752.html"; VariantName = "[No Variations]"
Change component parameters (AddParameter): Name = "MPN"; Value = "X5511FV-02-C70D30-1000"; VariantName = "[No Variations]"
Change component parameters (AddParameter): Name = "Price"; Value = "0.0742"; VariantName = "[No Variations]"
Change component parameters: Designator = "Jleft_2" ("Jleft_2"); Footprint = "Pin_1mm"; UniqueID = "\TANONNVX" ("\TANONNVX")
Change component parameters (AddParameter): Name = "Link"; Value = "https://www.lcsc.com/product-detail/Female-Headers_XKB-Connection-X5511FV-02-C70D30-1000_C2684752.html"; VariantName = "[No Variations]"
Change component parameters (AddParameter): Name = "MPN"; Value = "X5511FV-02-C70D30-1000"; VariantName = "[No Variations]"
Change component parameters (AddParameter): Name = "Price"; Value = "0.0742"; VariantName = "[No Variations]"
Change component parameters: Designator = "Jleft_3" ("Jleft_3"); Footprint = "Pin_1mm"; UniqueID = "\AXNTDEOX" ("\AXNTDEOX")
Change component parameters (AddParameter): Name = "Link"; Value = "https://www.lcsc.com/product-detail/Female-Headers_XKB-Connection-X5511FV-02-C70D30-1000_C2684752.html"; VariantName = "[No Variations]"
Change component parameters (AddParameter): Name = "MPN"; Value = "X5511FV-02-C70D30-1000"; VariantName = "[No Variations]"
Change component parameters (AddParameter): Name = "Price"; Value = "0.0742"; VariantName = "[No Variations]"
Change component parameters: Designator = "Jleft_4" ("Jleft_4"); Footprint = "Pin_1mm"; UniqueID = "\JHWRQHQA" ("\JHWRQHQA")
Change component parameters (AddParameter): Name = "Link"; Value = "https://www.lcsc.com/product-detail/Female-Headers_XKB-Connection-X5511FV-02-C70D30-1000_C2684752.html"; VariantName = "[No Variations]"
Change component parameters (AddParameter): Name = "MPN"; Value = "X5511FV-02-C70D30-1000"; VariantName = "[No Variations]"
Change component parameters (AddParameter): Name = "Price"; Value = "0.0742"; VariantName = "[No Variations]"
Change component parameters: Designator = "Jleft_5" ("Jleft_5"); Footprint = "Pin_1mm"; UniqueID = "\HUUMITMR" ("\HUUMITMR")
Change component parameters (AddParameter): Name = "Link"; Value = "https://www.lcsc.com/product-detail/Female-Headers_XKB-Connection-X5511FV-02-C70D30-1000_C2684752.html"; VariantName = "[No Variations]"
Change component parameters (AddParameter): Name = "MPN"; Value = "X5511FV-02-C70D30-1000"; VariantName = "[No Variations]"
Change component parameters (AddParameter): Name = "Price"; Value = "0.0742"; VariantName = "[No Variations]"
Change component parameters: Designator = "Jleft_6" ("Jleft_6"); Footprint = "Pin_1mm"; UniqueID = "\POGZQTVS" ("\POGZQTVS")
Change component parameters (AddParameter): Name = "Link"; Value = "https://www.lcsc.com/product-detail/Female-Headers_XKB-Connection-X5511FV-02-C70D30-1000_C2684752.html"; VariantName = "[No Variations]"
Change component parameters (AddParameter): Name = "MPN"; Value = "X5511FV-02-C70D30-1000"; VariantName = "[No Variations]"
Change component parameters (AddParameter): Name = "Price"; Value = "0.0742"; VariantName = "[No Variations]"
Change component parameters: Designator = "Jleft_7" ("Jleft_7"); Footprint = "Pin_1mm"; UniqueID = "\BVMODXXM" ("\BVMODXXM")
Change component parameters (AddParameter): Name = "Link"; Value = "https://www.lcsc.com/product-detail/Female-Headers_XKB-Connection-X5511FV-02-C70D30-1000_C2684752.html"; VariantName = "[No Variations]"
Change component parameters (AddParameter): Name = "MPN"; Value = "X5511FV-02-C70D30-1000"; VariantName = "[No Variations]"
Change component parameters (AddParameter): Name = "Price"; Value = "0.0742"; VariantName = "[No Variations]"
Change component parameters: Designator = "Jleft_8" ("Jleft_8"); Footprint = "Pin_1.5mm"; UniqueID = "\BOMSTVZN" ("\BOMSTVZN")
Change component parameters (AddParameter): Name = "Link"; Value = "https://www.lcsc.com/product-detail/Female-Headers_XKB-Connection-X5511FV-02-C70D30-1000_C2684752.html"; VariantName = "[No Variations]"
Change component parameters (AddParameter): Name = "MPN"; Value = "X5511FV-02-C70D30-1000"; VariantName = "[No Variations]"
Change component parameters (AddParameter): Name = "Price"; Value = "0.0742"; VariantName = "[No Variations]"
Change component parameters: Designator = "Jright_1" ("Jright_1"); Footprint = "Pin_1mm"; UniqueID = "\WYMWXYCD" ("\WYMWXYCD")
Change component parameters (AddParameter): Name = "Link"; Value = "https://www.lcsc.com/product-detail/Female-Headers_XKB-Connection-X5511FV-02-C70D30-1000_C2684752.html"; VariantName = "[No Variations]"
Change component parameters (AddParameter): Name = "MPN"; Value = "X5511FV-02-C70D30-1000"; VariantName = "[No Variations]"
Change component parameters (AddParameter): Name = "Price"; Value = "0.0742"; VariantName = "[No Variations]"
Change component parameters: Designator = "Jright_2" ("Jright_2"); Footprint = "Pin_1mm"; UniqueID = "\IUERYFUS" ("\IUERYFUS")
Change component parameters (AddParameter): Name = "Link"; Value = "https://www.lcsc.com/product-detail/Female-Headers_XKB-Connection-X5511FV-02-C70D30-1000_C2684752.html"; VariantName = "[No Variations]"
Change component parameters (AddParameter): Name = "MPN"; Value = "X5511FV-02-C70D30-1000"; VariantName = "[No Variations]"
Change component parameters (AddParameter): Name = "Price"; Value = "0.0742"; VariantName = "[No Variations]"
Change component parameters: Designator = "Jright_3" ("Jright_3"); Footprint = "Pin_1mm"; UniqueID = "\AUCPZPOK" ("\AUCPZPOK")
Change component parameters (AddParameter): Name = "Link"; Value = "https://www.lcsc.com/product-detail/Female-Headers_XKB-Connection-X5511FV-02-C70D30-1000_C2684752.html"; VariantName = "[No Variations]"
Change component parameters (AddParameter): Name = "MPN"; Value = "X5511FV-02-C70D30-1000"; VariantName = "[No Variations]"
Change component parameters (AddParameter): Name = "Price"; Value = "0.0742"; VariantName = "[No Variations]"
Change component parameters: Designator = "Jright_4" ("Jright_4"); Footprint = "Pin_1mm"; UniqueID = "\PHPHEZVS" ("\PHPHEZVS")
Change component parameters (AddParameter): Name = "Link"; Value = "https://www.lcsc.com/product-detail/Female-Headers_XKB-Connection-X5511FV-02-C70D30-1000_C2684752.html"; VariantName = "[No Variations]"
Change component parameters (AddParameter): Name = "MPN"; Value = "X5511FV-02-C70D30-1000"; VariantName = "[No Variations]"
Change component parameters (AddParameter): Name = "Price"; Value = "0.0742"; VariantName = "[No Variations]"
Change component parameters: Designator = "Jright_5" ("Jright_5"); Footprint = "Pin_1mm"; UniqueID = "\QUBGYQBS" ("\QUBGYQBS")
Change component parameters (AddParameter): Name = "Link"; Value = "https://www.lcsc.com/product-detail/Female-Headers_XKB-Connection-X5511FV-02-C70D30-1000_C2684752.html"; VariantName = "[No Variations]"
Change component parameters (AddParameter): Name = "MPN"; Value = "X5511FV-02-C70D30-1000"; VariantName = "[No Variations]"
Change component parameters (AddParameter): Name = "Price"; Value = "0.0742"; VariantName = "[No Variations]"
Change component parameters: Designator = "Jright_6" ("Jright_6"); Footprint = "Pin_1mm"; UniqueID = "\OSCAPBSO" ("\OSCAPBSO")
Change component parameters (AddParameter): Name = "Link"; Value = "https://www.lcsc.com/product-detail/Female-Headers_XKB-Connection-X5511FV-02-C70D30-1000_C2684752.html"; VariantName = "[No Variations]"
Change component parameters (AddParameter): Name = "MPN"; Value = "X5511FV-02-C70D30-1000"; VariantName = "[No Variations]"
Change component parameters (AddParameter): Name = "Price"; Value = "0.0742"; VariantName = "[No Variations]"
Change component parameters: Designator = "Jright_7" ("Jright_7"); Footprint = "Pin_1mm"; UniqueID = "\VVIOAOED" ("\VVIOAOED")
Change component parameters (AddParameter): Name = "Link"; Value = "https://www.lcsc.com/product-detail/Female-Headers_XKB-Connection-X5511FV-02-C70D30-1000_C2684752.html"; VariantName = "[No Variations]"
Change component parameters (AddParameter): Name = "MPN"; Value = "X5511FV-02-C70D30-1000"; VariantName = "[No Variations]"
Change component parameters (AddParameter): Name = "Price"; Value = "0.0742"; VariantName = "[No Variations]"
Change component parameters: Designator = "Jright_8" ("Jright_8"); Footprint = "Pin_1.5mm"; UniqueID = "\FWELCUOR" ("\FWELCUOR")
Change component parameters (AddParameter): Name = "Link"; Value = "https://www.lcsc.com/product-detail/Female-Headers_XKB-Connection-X5511FV-02-C70D30-1000_C2684752.html"; VariantName = "[No Variations]"
Change component parameters (AddParameter): Name = "MPN"; Value = "X5511FV-02-C70D30-1000"; VariantName = "[No Variations]"
Change component parameters (AddParameter): Name = "Price"; Value = "0.0742"; VariantName = "[No Variations]"
Change component parameters: Designator = "Jtop_1" ("Jtop_1"); Footprint = "Pin_1mm"; UniqueID = "\YQERYOOI" ("\YQERYOOI")
Change component parameters (AddParameter): Name = "Link"; Value = "https://www.lcsc.com/product-detail/Female-Headers_XKB-Connection-X5511FV-02-C70D30-1000_C2684752.html"; VariantName = "[No Variations]"
Change component parameters (AddParameter): Name = "MPN"; Value = "X5511FV-02-C70D30-1000"; VariantName = "[No Variations]"
Change component parameters (AddParameter): Name = "Price"; Value = "0.0742"; VariantName = "[No Variations]"
Change component parameters: Designator = "Jtop_2" ("Jtop_2"); Footprint = "Pin_1mm"; UniqueID = "\SYMVZEDW" ("\SYMVZEDW")
Change component parameters (AddParameter): Name = "Link"; Value = "https://www.lcsc.com/product-detail/Female-Headers_XKB-Connection-X5511FV-02-C70D30-1000_C2684752.html"; VariantName = "[No Variations]"
Change component parameters (AddParameter): Name = "MPN"; Value = "X5511FV-02-C70D30-1000"; VariantName = "[No Variations]"
Change component parameters (AddParameter): Name = "Price"; Value = "0.0742"; VariantName = "[No Variations]"
Added Component: Designator=J102(SHDRRA16W64P254_2X8_2794X889X940P)
Add component (AddParameter): Name = "Arrow Part Number"; Value = ""; VariantName = "[No Variations]"
Add component (AddParameter): Name = "Arrow Price/Stock"; Value = ""; VariantName = "[No Variations]"
Add component (AddParameter): Name = "Datasheet Link"; Value = "https://suddendocs.samtec.com/prints/tst-1xx-xx-x-x-xx-xx-mkt.pdf?_gl=1*1rao8gx*_ga*MTA2MjMwMjY5Ny4xNjcwNzQ1Mjgy*_ga_3KFNZC07WW*MTY3ODY5MDIyNS40Mi4xLjE2Nzg2OTAyMzcuNDguMC4w"; VariantName = "[No Variations]"
Add component (AddParameter): Name = "Height"; Value = "9.4mm"; VariantName = "[No Variations]"
Add component (AddParameter): Name = "Link"; Value = "https://www.lcsc.com/product-detail/IDC-Connectors_Bossie-BX-IDC2-54-2-8PWZ_C18078191.html"; VariantName = "[No Variations]"
Add component (AddParameter): Name = "Manufacturer_Name"; Value = "SAMTEC"; VariantName = "[No Variations]"
Add component (AddParameter): Name = "Mouser Part Number"; Value = "200-TST10804TDRA"; VariantName = "[No Variations]"
Add component (AddParameter): Name = "Mouser Price/Stock"; Value = "https://www.mouser.co.uk/ProductDetail/Samtec/TST-108-04-T-D-RA?qs=rU5fayqh%252BE0%2FctVhvTJS%2FA%3D%3D"; VariantName = "[No Variations]"
Add component (AddParameter): Name = "MPN"; Value = "BX-IDC2.54-2-8PWZ"; VariantName = "[No Variations]"
Add component (AddParameter): Name = "Price"; Value = "0.2385"; VariantName = "[No Variations]"
Added Pin To Net: NetName=+5V Pin=J102-1
Added Pin To Net: NetName=+5V Pin=J102-2
Added Pin To Net: NetName=VDD Pin=J102-3
Added Pin To Net: NetName=VDD Pin=J102-4
Added Pin To Net: NetName=CAN_H Pin=J102-5
Added Pin To Net: NetName=UART1_RX Pin=J102-6
Added Pin To Net: NetName=CAN_L Pin=J102-7
Added Pin To Net: NetName=UART1_TX Pin=J102-8
Added Pin To Net: NetName=BOOT Pin=J102-9
Added Pin To Net: NetName=nRST Pin=J102-10
Added Pin To Net: NetName=C_S_L Pin=J102-11
Added Pin To Net: NetName=C_S_L Pin=J102-12
Added Pin To Net: NetName=RS232_TX Pin=J102-13
Added Pin To Net: NetName=SWDIO Pin=J102-14
Added Pin To Net: NetName=RS232_RX Pin=J102-15
Added Pin To Net: NetName=SWCLK Pin=J102-16
Add Net: Net with name "A_H" already exists
Add Net: Net with name "A_L" already exists
Add Net: Net with name "B_H" already exists
Add Net: Net with name "B_L" already exists
Add Net: Net with name "C_H" already exists
Add Net: Net with name "C_L" already exists
Added Pin To Net: NetName=NetIC101_46 Pin=IC101-46
Added Pin To Net: NetName=NetIC101_46 Pin=R114-1
Added Net: Name=NetIC101_46
Added Pin To Net: NetName=NetIC101_49 Pin=IC101-49
Added Pin To Net: NetName=NetIC101_49 Pin=R115-1
Added Net: Name=NetIC101_49
Added Member To Class: ClassName=Main_CPU Member=Component J102 TST-108-04-T-D-RA
