Change Component Designator: OldDesignator=NT? NewDesignator=NT102
Add Component: Footprint Not Found SODFL1006X45N
Added Component: Designator=J106(TST-105-XX-Y-D)
Add component (AddParameter): Name = "Arrow Part Number"; Value = "TST-105-02-T-D"; VariantName = "[No Variations]"
Add component (AddParameter): Name = "Arrow Price/Stock"; Value = "https://www.arrow.com/en/products/tst-105-02-t-d/samtec?region=nac"; VariantName = "[No Variations]"
Add component (AddParameter): Name = "Datasheet Link"; Value = "http://suddendocs.samtec.com/prints/tst-1xx-xx-x-x-xx-xx-mkt.pdf"; VariantName = "[No Variations]"
Add component (AddParameter): Name = "Link"; Value = "https://www.lcsc.com/product-detail/IDC-Connectors_Megastar-ZX-IDC2-54-2-5PZZ_C7501191.html?s_z=n_IDC%20Connector"; VariantName = "[No Variations]"
Add component (AddParameter): Name = "Manufacturer_Name"; Value = "SAMTEC"; VariantName = "[No Variations]"
Add component (AddParameter): Name = "Mouser Part Number"; Value = "200-TST10502TD"; VariantName = "[No Variations]"
Add component (AddParameter): Name = "Mouser Price/Stock"; Value = "https://www.mouser.co.uk/ProductDetail/Samtec/TST-105-02-T-D?qs=rU5fayqh%252BE1w4XXP0IOe8w%3D%3D"; VariantName = "[No Variations]"
Add component (AddParameter): Name = "MPN"; Value = "ZX-IDC2.54-2-5PZZ"; VariantName = "[No Variations]"
Add component (AddParameter): Name = "Price"; Value = "0.1126"; VariantName = "[No Variations]"
Add Pin To Net: Unknown Pin: Pin D109-1
Add Pin To Net: Unknown Pin: Pin D109-2
Added Pin To Net: NetName=VDD Pin=J106-1
Added Pin To Net: NetName=nRST Pin=J106-2
Added Pin To Net: NetName=UART1_RX Pin=J106-3
Added Pin To Net: NetName=BOOT Pin=J106-4
Added Pin To Net: NetName=UART1_TX Pin=J106-5
Added Pin To Net: NetName=SWDIO Pin=J106-6
Added Pin To Net: NetName=+5V Pin=J106-7
Added Pin To Net: NetName=SWCLK Pin=J106-8
Added Pin To Net: NetName=GND Pin=J106-9
Added Pin To Net: NetName=GND Pin=J106-10
Add Class Member: Failed to add class member : Component D109 1SS416,L3M
Added Member To Class: ClassName=Main_CPU Member=Component J106 TST-105-02-T-D
