Change Component Designator: Old Designator=C200 New Designator=C201
Change Component Designator: Old Designator=C201 New Designator=C202
Change Component Designator: Old Designator=C202 New Designator=C203
Change Component Designator: Old Designator=C203 New Designator=C204
Change Component Designator: Old Designator=C204 New Designator=C205
Change Component Designator: Old Designator=C205 New Designator=C206
Change Component Designator: Old Designator=C206 New Designator=C207
Change Component Designator: Old Designator=C207 New Designator=C208
Change Component Designator: Old Designator=C208 New Designator=C209
Change Component Designator: Old Designator=C209 New Designator=C210
Change Component Designator: Old Designator=C210 New Designator=C211
Change Component Designator: Old Designator=C211 New Designator=C212
Change Component Designator: Old Designator=C212 New Designator=C213
Change Component Designator: Old Designator=C213 New Designator=C214
Change Component Designator: Old Designator=C214 New Designator=C215
Change Component Designator: Old Designator=C215 New Designator=C216
Change Component Designator: Old Designator=C216 New Designator=C217
Change Component Designator: Old Designator=C217 New Designator=C218
Change Component Designator: Old Designator=C218 New Designator=C219
Change Component Designator: Old Designator=C219 New Designator=C220
Change Component Designator: Old Designator=C220 New Designator=C221
Change Component Designator: Old Designator=C221 New Designator=C222
Change Component Designator: Old Designator=C222 New Designator=C223
Change Component Designator: Old Designator=D200 New Designator=D201
Change Component Designator: Old Designator=IC200 New Designator=IC201
Change Component Designator: Old Designator=IC201 New Designator=IC202
Change Component Designator: Old Designator=L200 New Designator=L201
Change Component Designator: Old Designator=R200 New Designator=R201
Change Component Designator: Old Designator=R201 New Designator=R202
Change Component Designator: Old Designator=R202 New Designator=R203
Change Component Designator: Old Designator=R203 New Designator=R204
Change Component Designator: Old Designator=R204 New Designator=R205
Change Component Designator: Old Designator=R205 New Designator=R206
Change Component Designator: Old Designator=R206 New Designator=R207
Change Component Designator: Old Designator=R207 New Designator=R208
Change Component Designator: Old Designator=R208 New Designator=R209
Change Component Designator: Old Designator=R209 New Designator=R210
Change Component Designator: Old Designator=R210 New Designator=R211
Change Component Designator: Old Designator=R211 New Designator=R212
Change Component Designator: Old Designator=R212 New Designator=R213
Change Component Designator: Old Designator=R213 New Designator=R214
Change Component Designator: Old Designator=R214 New Designator=R215
