Change Component Designator: Old Designator=C? New Designator=C201
Change Component Designator: Old Designator=C? New Designator=C202
Change Component Designator: Old Designator=C? New Designator=C203
Change Component Designator: Old Designator=C? New Designator=C204
Change Component Designator: Old Designator=C? New Designator=C205
Change Component Designator: Old Designator=C? New Designator=C206
Change Component Designator: Old Designator=C? New Designator=C207
Change Component Designator: Old Designator=C? New Designator=C208
Change Component Designator: Old Designator=C? New Designator=C209
Change Component Designator: Old Designator=C? New Designator=C210
Change Component Designator: Old Designator=C? New Designator=C211
Change Component Designator: Old Designator=C? New Designator=C212
Change Component Designator: Old Designator=C? New Designator=C213
Change Component Designator: Old Designator=C? New Designator=C214
Change Component Designator: Old Designator=C? New Designator=C215
Change Component Designator: Old Designator=C? New Designator=C216
Change Component Designator: Old Designator=C? New Designator=C217
Change Component Designator: Old Designator=C? New Designator=C218
Change Component Designator: Old Designator=C? New Designator=C219
Change Component Designator: Old Designator=C? New Designator=C220
Change Component Designator: Old Designator=C? New Designator=C221
Change Component Designator: Old Designator=C? New Designator=C222
Change Component Designator: Old Designator=C? New Designator=C223
Change Component Designator: Old Designator=C? New Designator=C224
Change Component Designator: Old Designator=C? New Designator=C225
Change Component Designator: Old Designator=C? New Designator=C226
Change Component Designator: Old Designator=C? New Designator=C227
Change Component Designator: Old Designator=D? New Designator=D201
Change Component Designator: Old Designator=IC? New Designator=IC201
Change Component Designator: Old Designator=IC? New Designator=IC202
Change Component Designator: Old Designator=IC? New Designator=IC203
Change Component Designator: Old Designator=L? New Designator=L201
Change Component Designator: Old Designator=R? New Designator=R201
Change Component Designator: Old Designator=R? New Designator=R202
Change Component Designator: Old Designator=R? New Designator=R203
Change Component Designator: Old Designator=R? New Designator=R204
Change Component Designator: Old Designator=R? New Designator=R205
Change Component Designator: Old Designator=R? New Designator=R206
Change Component Designator: Old Designator=R? New Designator=R207
Change Component Designator: Old Designator=R? New Designator=R208
Change Component Designator: Old Designator=R? New Designator=R209
Change Component Designator: Old Designator=R? New Designator=R210
Change Component Designator: Old Designator=R? New Designator=R211
Change Component Designator: Old Designator=R? New Designator=R212
Change Component Designator: Old Designator=R? New Designator=R213
