Change Component Designator: Old Designator=C1 New Designator=C200
Change Component Designator: Old Designator=C2 New Designator=C201
Change Component Designator: Old Designator=C3 New Designator=C202
Change Component Designator: Old Designator=C4 New Designator=C203
Change Component Designator: Old Designator=C5 New Designator=C204
Change Component Designator: Old Designator=C6 New Designator=C205
Change Component Designator: Old Designator=C7 New Designator=C206
Change Component Designator: Old Designator=C9 New Designator=C208
Change Component Designator: Old Designator=C10 New Designator=C209
Change Component Designator: Old Designator=C11 New Designator=C210
Change Component Designator: Old Designator=C12 New Designator=C211
Change Component Designator: Old Designator=C13 New Designator=C212
Change Component Designator: Old Designator=C14 New Designator=C213
Change Component Designator: Old Designator=C15 New Designator=C214
Change Component Designator: Old Designator=C16 New Designator=C215
Change Component Designator: Old Designator=C17 New Designator=C216
Change Component Designator: Old Designator=C18 New Designator=C217
Change Component Designator: Old Designator=C19 New Designator=C218
Change Component Designator: Old Designator=C20 New Designator=C219
Change Component Designator: Old Designator=C21 New Designator=C220
Change Component Designator: Old Designator=C22 New Designator=C221
Change Component Designator: Old Designator=C23 New Designator=C222
Change Component Designator: Old Designator=C? New Designator=C207
Change Component Designator: Old Designator=D1 New Designator=D200
Change Component Designator: Old Designator=IC1 New Designator=IC200
Change Component Designator: Old Designator=IC2 New Designator=IC201
Change Component Designator: Old Designator=L1 New Designator=L200
Change Component Designator: Old Designator=R1 New Designator=R200
Change Component Designator: Old Designator=R2 New Designator=R201
Change Component Designator: Old Designator=R3 New Designator=R202
Change Component Designator: Old Designator=R4 New Designator=R203
Change Component Designator: Old Designator=R5 New Designator=R204
Change Component Designator: Old Designator=R6 New Designator=R205
Change Component Designator: Old Designator=R7 New Designator=R206
Change Component Designator: Old Designator=R8 New Designator=R207
Change Component Designator: Old Designator=R9 New Designator=R208
Change Component Designator: Old Designator=R10 New Designator=R209
Change Component Designator: Old Designator=R11 New Designator=R210
Change Component Designator: Old Designator=R12 New Designator=R211
Change Component Designator: Old Designator=R13 New Designator=R212
Change Component Designator: Old Designator=R14 New Designator=R213
Change Component Designator: Old Designator=R15 New Designator=R214
