Change Component Designator: Old Designator=Jbot_? New Designator=Jbot_501
Change Component Designator: Old Designator=Jbot_? New Designator=Jbot_502
Change Component Designator: Old Designator=Jbot_? New Designator=Jbot_503
Change Component Designator: Old Designator=Jbot_? New Designator=Jbot_504
Change Component Designator: Old Designator=Jbot_? New Designator=Jbot_505
Change Component Designator: Old Designator=Jbot_? New Designator=Jbot_506
Change Component Designator: Old Designator=Jbot_? New Designator=Jbot_507
Change Component Designator: Old Designator=Jbot_? New Designator=Jbot_508
Change Component Designator: Old Designator=Jleft_? New Designator=Jleft_501
Change Component Designator: Old Designator=Jleft_? New Designator=Jleft_502
Change Component Designator: Old Designator=Jleft_? New Designator=Jleft_503
Change Component Designator: Old Designator=Jleft_? New Designator=Jleft_504
Change Component Designator: Old Designator=Jleft_? New Designator=Jleft_505
Change Component Designator: Old Designator=Jleft_? New Designator=Jleft_506
Change Component Designator: Old Designator=Jleft_? New Designator=Jleft_507
Change Component Designator: Old Designator=Jleft_? New Designator=Jleft_508
Change Component Designator: Old Designator=Jright_? New Designator=Jright_501
Change Component Designator: Old Designator=Jright_? New Designator=Jright_502
Change Component Designator: Old Designator=Jright_? New Designator=Jright_503
Change Component Designator: Old Designator=Jright_? New Designator=Jright_504
Change Component Designator: Old Designator=Jright_? New Designator=Jright_505
Change Component Designator: Old Designator=Jright_? New Designator=Jright_506
Change Component Designator: Old Designator=Jright_? New Designator=Jright_507
Change Component Designator: Old Designator=Jright_? New Designator=Jright_508
Change Component Designator: Old Designator=Jtop_? New Designator=Jtop_501
Change Component Designator: Old Designator=Jtop_? New Designator=Jtop_502
Change Component Designator: Old Designator=NT? New Designator=NT501
