Change Component Designator: Old Designator=C24 New Designator=C100
Change Component Designator: Old Designator=C25 New Designator=C101
Change Component Designator: Old Designator=C26 New Designator=C102
Change Component Designator: Old Designator=C27 New Designator=C103
Change Component Designator: Old Designator=C28 New Designator=C104
Change Component Designator: Old Designator=C29 New Designator=C105
Change Component Designator: Old Designator=C30 New Designator=C106
Change Component Designator: Old Designator=C31 New Designator=C107
Change Component Designator: Old Designator=C32 New Designator=C108
Change Component Designator: Old Designator=C33 New Designator=C109
Change Component Designator: Old Designator=C34 New Designator=C110
Change Component Designator: Old Designator=C35 New Designator=C111
Change Component Designator: Old Designator=C36 New Designator=C112
Change Component Designator: Old Designator=C37 New Designator=C113
Change Component Designator: Old Designator=C38 New Designator=C114
Change Component Designator: Old Designator=C39 New Designator=C115
Change Component Designator: Old Designator=C40 New Designator=C116
Change Component Designator: Old Designator=C41 New Designator=C117
Change Component Designator: Old Designator=C42 New Designator=C118
Change Component Designator: Old Designator=C43 New Designator=C119
Change Component Designator: Old Designator=C44 New Designator=C120
Change Component Designator: Old Designator=C45 New Designator=C121
Change Component Designator: Old Designator=C46 New Designator=C122
Change Component Designator: Old Designator=C47 New Designator=C123
Change Component Designator: Old Designator=C48 New Designator=C124
Change Component Designator: Old Designator=C49 New Designator=C125
Change Component Designator: Old Designator=C50 New Designator=C126
Change Component Designator: Old Designator=C51 New Designator=C127
Change Component Designator: Old Designator=C52 New Designator=C128
Change Component Designator: Old Designator=C53 New Designator=C129
Change Component Designator: Old Designator=C? New Designator=C130
Change Component Designator: Old Designator=D2 New Designator=D100
Change Component Designator: Old Designator=D3 New Designator=D102
Change Component Designator: Old Designator=D4 New Designator=D103
Change Component Designator: Old Designator=D? New Designator=D101
Change Component Designator: Old Designator=FB1 New Designator=FB100
Change Component Designator: Old Designator=FB2 New Designator=FB101
Change Component Designator: Old Designator=IC3 New Designator=IC100
Change Component Designator: Old Designator=IC4 New Designator=IC101
Change Component Designator: Old Designator=IC4 New Designator=IC101
Change Component Designator: Old Designator=IC4 New Designator=IC101
Change Component Designator: Old Designator=IC4 New Designator=IC101
Change Component Designator: Old Designator=IC4 New Designator=IC101
Change Component Designator: Old Designator=IC5 New Designator=IC102
Change Component Designator: Old Designator=IC6 New Designator=IC103
Change Component Designator: Old Designator=IC7 New Designator=IC104
Change Component Designator: Old Designator=IC8 New Designator=IC105
Change Component Designator: Old Designator=IC9 New Designator=IC106
Change Component Designator: Old Designator=J1 New Designator=J100
Change Component Designator: Old Designator=JP1 New Designator=JP100
Change Component Designator: Old Designator=LED1 New Designator=LED100
Change Component Designator: Old Designator=LED2 New Designator=LED101
Change Component Designator: Old Designator=LED3 New Designator=LED102
Change Component Designator: Old Designator=LED4 New Designator=LED103
Change Component Designator: Old Designator=LED5 New Designator=LED104
Change Component Designator: Old Designator=LED6 New Designator=LED105
Change Component Designator: Old Designator=LED7 New Designator=LED106
Change Component Designator: Old Designator=R16 New Designator=R102
Change Component Designator: Old Designator=R17 New Designator=R103
Change Component Designator: Old Designator=R18 New Designator=R104
Change Component Designator: Old Designator=R19 New Designator=R100
Change Component Designator: Old Designator=R20 New Designator=R101
Change Component Designator: Old Designator=R21 New Designator=R105
Change Component Designator: Old Designator=R22 New Designator=R106
Change Component Designator: Old Designator=R23 New Designator=R107
Change Component Designator: Old Designator=R24 New Designator=R108
Change Component Designator: Old Designator=R25 New Designator=R109
Change Component Designator: Old Designator=R26 New Designator=R110
Change Component Designator: Old Designator=R27 New Designator=R111
Change Component Designator: Old Designator=R28 New Designator=R112
Change Component Designator: Old Designator=R29 New Designator=R113
Change Component Designator: Old Designator=R30 New Designator=R114
Change Component Designator: Old Designator=R31 New Designator=R115
Change Component Designator: Old Designator=R32 New Designator=R116
Change Component Designator: Old Designator=R33 New Designator=R117
Change Component Designator: Old Designator=R34 New Designator=R118
Change Component Designator: Old Designator=R35 New Designator=R119
Change Component Designator: Old Designator=R36 New Designator=R120
Change Component Designator: Old Designator=R37 New Designator=R121
Change Component Designator: Old Designator=R38 New Designator=R122
Change Component Designator: Old Designator=R39 New Designator=R123
Change Component Designator: Old Designator=R40 New Designator=R124
Change Component Designator: Old Designator=R41 New Designator=R125
Change Component Designator: Old Designator=R42 New Designator=R126
Change Component Designator: Old Designator=R43 New Designator=R127
Change Component Designator: Old Designator=R44 New Designator=R128
Change Component Designator: Old Designator=R45 New Designator=R129
Change Component Designator: Old Designator=R46 New Designator=R130
Change Component Designator: Old Designator=R47 New Designator=R132
Change Component Designator: Old Designator=R48 New Designator=R133
Change Component Designator: Old Designator=R49 New Designator=R134
Change Component Designator: Old Designator=R? New Designator=R131
Change Component Designator: Old Designator=R? New Designator=R135
Change Component Designator: Old Designator=S1 New Designator=S100
Change Component Designator: Old Designator=S2 New Designator=S101
Change Component Designator: Old Designator=Y1 New Designator=Y100
Change Component Designator: Old Designator=Z1 New Designator=Z100
Change Component Designator: Old Designator=Z2 New Designator=Z101
Change Component Designator: Old Designator=Z3 New Designator=Z102
