Change Component Designator: Old Designator=C113 New Designator=C111
Change Component Designator: Old Designator=C115 New Designator=C113
Change Component Designator: Old Designator=C116 New Designator=C114
Change Component Designator: Old Designator=C118 New Designator=C115
Change Component Designator: Old Designator=C119 New Designator=C116
Change Component Designator: Old Designator=C120 New Designator=C117
Change Component Designator: Old Designator=C121 New Designator=C118
Change Component Designator: Old Designator=C122 New Designator=C119
Change Component Designator: Old Designator=C124 New Designator=C120
Change Component Designator: Old Designator=C125 New Designator=C121
Change Component Designator: Old Designator=C126 New Designator=C122
Change Component Designator: Old Designator=C127 New Designator=C123
Change Component Designator: Old Designator=C128 New Designator=C124
Change Component Designator: Old Designator=C131 New Designator=C125
Change Component Designator: Old Designator=D102 New Designator=D101
Change Component Designator: Old Designator=D103 New Designator=D102
Change Component Designator: Old Designator=D104 New Designator=D103
Change Component Designator: Old Designator=IC103 New Designator=IC102
Change Component Designator: Old Designator=IC104 New Designator=IC103
Change Component Designator: Old Designator=IC105 New Designator=IC104
Change Component Designator: Old Designator=IC106 New Designator=IC105
Change Component Designator: Old Designator=J101 New Designator=J104
Change Component Designator: Old Designator=J? New Designator=J101
Change Component Designator: Old Designator=J? New Designator=J102
Change Component Designator: Old Designator=J? New Designator=J103
Change Component Designator: Old Designator=NT? New Designator=NT101
Change Component Designator: Old Designator=R113 New Designator=R115
Change Component Designator: Old Designator=R114 New Designator=R113
Change Component Designator: Old Designator=R115 New Designator=R114
Change Component Designator: Old Designator=R126 New Designator=R119
Change Component Designator: Old Designator=R127 New Designator=R117
Change Component Designator: Old Designator=R128 New Designator=R118
Change Component Designator: Old Designator=R131 New Designator=R120
Change Component Designator: Old Designator=R132 New Designator=R121
Change Component Designator: Old Designator=R133 New Designator=R122
Change Component Designator: Old Designator=R134 New Designator=R123
Change Component Designator: Old Designator=R135 New Designator=R124
Change Component Designator: Old Designator=R136 New Designator=R125
