Change Component Designator: Old Designator=C100 New Designator=C101
Change Component Designator: Old Designator=C101 New Designator=C102
Change Component Designator: Old Designator=C102 New Designator=C103
Change Component Designator: Old Designator=C103 New Designator=C104
Change Component Designator: Old Designator=C104 New Designator=C105
Change Component Designator: Old Designator=C105 New Designator=C106
Change Component Designator: Old Designator=C106 New Designator=C107
Change Component Designator: Old Designator=C107 New Designator=C108
Change Component Designator: Old Designator=C108 New Designator=C109
Change Component Designator: Old Designator=C109 New Designator=C110
Change Component Designator: Old Designator=C110 New Designator=C111
Change Component Designator: Old Designator=C111 New Designator=C112
Change Component Designator: Old Designator=C112 New Designator=C113
Change Component Designator: Old Designator=C113 New Designator=C114
Change Component Designator: Old Designator=C114 New Designator=C115
Change Component Designator: Old Designator=C115 New Designator=C116
Change Component Designator: Old Designator=C116 New Designator=C117
Change Component Designator: Old Designator=C117 New Designator=C118
Change Component Designator: Old Designator=C118 New Designator=C119
Change Component Designator: Old Designator=C119 New Designator=C120
Change Component Designator: Old Designator=C120 New Designator=C121
Change Component Designator: Old Designator=C121 New Designator=C122
Change Component Designator: Old Designator=C122 New Designator=C123
Change Component Designator: Old Designator=C123 New Designator=C124
Change Component Designator: Old Designator=C124 New Designator=C125
Change Component Designator: Old Designator=C125 New Designator=C126
Change Component Designator: Old Designator=C126 New Designator=C127
Change Component Designator: Old Designator=C127 New Designator=C128
Change Component Designator: Old Designator=C128 New Designator=C129
Change Component Designator: Old Designator=C129 New Designator=C130
Change Component Designator: Old Designator=C130 New Designator=C131
Change Component Designator: Old Designator=D100 New Designator=D101
Change Component Designator: Old Designator=D101 New Designator=D102
Change Component Designator: Old Designator=D102 New Designator=D103
Change Component Designator: Old Designator=D103 New Designator=D104
Change Component Designator: Old Designator=FB100 New Designator=FB101
Change Component Designator: Old Designator=FB101 New Designator=FB102
Change Component Designator: Old Designator=IC100 New Designator=IC101
Change Component Designator: Old Designator=IC101 New Designator=IC102
Change Component Designator: Old Designator=IC101 New Designator=IC102
Change Component Designator: Old Designator=IC101 New Designator=IC102
Change Component Designator: Old Designator=IC101 New Designator=IC102
Change Component Designator: Old Designator=IC101 New Designator=IC102
Change Component Designator: Old Designator=IC102 New Designator=IC103
Change Component Designator: Old Designator=IC103 New Designator=IC104
Change Component Designator: Old Designator=IC104 New Designator=IC105
Change Component Designator: Old Designator=IC105 New Designator=IC106
Change Component Designator: Old Designator=IC106 New Designator=IC107
Change Component Designator: Old Designator=J100 New Designator=J101
Change Component Designator: Old Designator=JP100 New Designator=JP101
Change Component Designator: Old Designator=LED100 New Designator=LED101
Change Component Designator: Old Designator=LED101 New Designator=LED102
Change Component Designator: Old Designator=LED102 New Designator=LED103
Change Component Designator: Old Designator=LED103 New Designator=LED104
Change Component Designator: Old Designator=LED104 New Designator=LED105
Change Component Designator: Old Designator=LED105 New Designator=LED106
Change Component Designator: Old Designator=LED106 New Designator=LED107
Change Component Designator: Old Designator=R100 New Designator=R101
Change Component Designator: Old Designator=R101 New Designator=R102
Change Component Designator: Old Designator=R102 New Designator=R103
Change Component Designator: Old Designator=R103 New Designator=R104
Change Component Designator: Old Designator=R104 New Designator=R105
Change Component Designator: Old Designator=R105 New Designator=R106
Change Component Designator: Old Designator=R106 New Designator=R107
Change Component Designator: Old Designator=R107 New Designator=R108
Change Component Designator: Old Designator=R108 New Designator=R109
Change Component Designator: Old Designator=R109 New Designator=R110
Change Component Designator: Old Designator=R110 New Designator=R111
Change Component Designator: Old Designator=R111 New Designator=R112
Change Component Designator: Old Designator=R112 New Designator=R113
Change Component Designator: Old Designator=R113 New Designator=R114
Change Component Designator: Old Designator=R114 New Designator=R115
Change Component Designator: Old Designator=R115 New Designator=R116
Change Component Designator: Old Designator=R116 New Designator=R117
Change Component Designator: Old Designator=R117 New Designator=R118
Change Component Designator: Old Designator=R118 New Designator=R119
Change Component Designator: Old Designator=R119 New Designator=R120
Change Component Designator: Old Designator=R120 New Designator=R121
Change Component Designator: Old Designator=R121 New Designator=R122
Change Component Designator: Old Designator=R122 New Designator=R123
Change Component Designator: Old Designator=R123 New Designator=R124
Change Component Designator: Old Designator=R124 New Designator=R125
Change Component Designator: Old Designator=R125 New Designator=R126
Change Component Designator: Old Designator=R126 New Designator=R127
Change Component Designator: Old Designator=R127 New Designator=R128
Change Component Designator: Old Designator=R128 New Designator=R129
Change Component Designator: Old Designator=R129 New Designator=R130
Change Component Designator: Old Designator=R130 New Designator=R131
Change Component Designator: Old Designator=R131 New Designator=R132
Change Component Designator: Old Designator=R132 New Designator=R133
Change Component Designator: Old Designator=R133 New Designator=R134
Change Component Designator: Old Designator=R134 New Designator=R135
Change Component Designator: Old Designator=R135 New Designator=R136
Change Component Designator: Old Designator=S100 New Designator=S101
Change Component Designator: Old Designator=S101 New Designator=S102
Change Component Designator: Old Designator=Y100 New Designator=Y101
Change Component Designator: Old Designator=Z100 New Designator=Z101
Change Component Designator: Old Designator=Z101 New Designator=Z102
Change Component Designator: Old Designator=Z102 New Designator=Z103
