Change Component Designator: Old Designator=C101 New Designator=C?
Change Component Designator: Old Designator=C102 New Designator=C?
Change Component Designator: Old Designator=C103 New Designator=C?
Change Component Designator: Old Designator=C104 New Designator=C?
Change Component Designator: Old Designator=C105 New Designator=C?
Change Component Designator: Old Designator=C106 New Designator=C?
Change Component Designator: Old Designator=C107 New Designator=C?
Change Component Designator: Old Designator=C108 New Designator=C?
Change Component Designator: Old Designator=C109 New Designator=C?
Change Component Designator: Old Designator=C110 New Designator=C?
Change Component Designator: Old Designator=C111 New Designator=C?
Change Component Designator: Old Designator=C112 New Designator=C?
Change Component Designator: Old Designator=C113 New Designator=C?
Change Component Designator: Old Designator=C114 New Designator=C?
Change Component Designator: Old Designator=C115 New Designator=C?
Change Component Designator: Old Designator=C116 New Designator=C?
Change Component Designator: Old Designator=C117 New Designator=C?
Change Component Designator: Old Designator=C118 New Designator=C?
Change Component Designator: Old Designator=C119 New Designator=C?
Change Component Designator: Old Designator=C120 New Designator=C?
Change Component Designator: Old Designator=C121 New Designator=C?
Change Component Designator: Old Designator=C122 New Designator=C?
Change Component Designator: Old Designator=D101 New Designator=D?
Change Component Designator: Old Designator=D102 New Designator=D?
Change Component Designator: Old Designator=D103 New Designator=D?
Change Component Designator: Old Designator=D104 New Designator=D?
Change Component Designator: Old Designator=D105 New Designator=D?
Change Component Designator: Old Designator=D106 New Designator=D?
Change Component Designator: Old Designator=D107 New Designator=D?
Change Component Designator: Old Designator=D108 New Designator=D?
Change Component Designator: Old Designator=FB101 New Designator=FB?
Change Component Designator: Old Designator=IC101 New Designator=IC?
Change Component Designator: Old Designator=IC102 New Designator=IC?
Change Component Designator: Old Designator=IC103 New Designator=IC?
Change Component Designator: Old Designator=IC104 New Designator=IC?
Change Component Designator: Old Designator=IC105 New Designator=IC?
Change Component Designator: Old Designator=J101 New Designator=J?
Change Component Designator: Old Designator=J102 New Designator=J?
Change Component Designator: Old Designator=J103 New Designator=J?
Change Component Designator: Old Designator=J104 New Designator=J?
Change Component Designator: Old Designator=J105 New Designator=J?
Change Component Designator: Old Designator=J106 New Designator=J?
Change Component Designator: Old Designator=J107 New Designator=J?
Change Component Designator: Old Designator=J108 New Designator=J?
Change Component Designator: Old Designator=J109 New Designator=J?
Change Component Designator: Old Designator=J110 New Designator=J?
Change Component Designator: Old Designator=JP101 New Designator=JP?
Change Component Designator: Old Designator=LED101 New Designator=LED?
Change Component Designator: Old Designator=LED102 New Designator=LED?
Change Component Designator: Old Designator=LED103 New Designator=LED?
Change Component Designator: Old Designator=LED104 New Designator=LED?
Change Component Designator: Old Designator=LED105 New Designator=LED?
Change Component Designator: Old Designator=LED106 New Designator=LED?
Change Component Designator: Old Designator=LED107 New Designator=LED?
Change Component Designator: Old Designator=NT101 New Designator=NT?
Change Component Designator: Old Designator=R101 New Designator=R?
Change Component Designator: Old Designator=R102 New Designator=R?
Change Component Designator: Old Designator=R103 New Designator=R?
Change Component Designator: Old Designator=R104 New Designator=R?
Change Component Designator: Old Designator=R105 New Designator=R?
Change Component Designator: Old Designator=R106 New Designator=R?
Change Component Designator: Old Designator=R107 New Designator=R?
Change Component Designator: Old Designator=R108 New Designator=R?
Change Component Designator: Old Designator=R109 New Designator=R?
Change Component Designator: Old Designator=R110 New Designator=R?
Change Component Designator: Old Designator=R111 New Designator=R?
Change Component Designator: Old Designator=R112 New Designator=R?
Change Component Designator: Old Designator=R113 New Designator=R?
Change Component Designator: Old Designator=R114 New Designator=R?
Change Component Designator: Old Designator=R115 New Designator=R?
Change Component Designator: Old Designator=R116 New Designator=R?
Change Component Designator: Old Designator=R117 New Designator=R?
Change Component Designator: Old Designator=R118 New Designator=R?
Change Component Designator: Old Designator=R119 New Designator=R?
Change Component Designator: Old Designator=R120 New Designator=R?
Change Component Designator: Old Designator=R121 New Designator=R?
Change Component Designator: Old Designator=R122 New Designator=R?
Change Component Designator: Old Designator=R123 New Designator=R?
Change Component Designator: Old Designator=R124 New Designator=R?
Change Component Designator: Old Designator=R125 New Designator=R?
Change Component Designator: Old Designator=R126 New Designator=R?
Change Component Designator: Old Designator=R127 New Designator=R?
Change Component Designator: Old Designator=R128 New Designator=R?
Change Component Designator: Old Designator=R129 New Designator=R?
Change Component Designator: Old Designator=R130 New Designator=R?
Change Component Designator: Old Designator=S101 New Designator=S?
Change Component Designator: Old Designator=S102 New Designator=S?
Change Component Designator: Old Designator=Y101 New Designator=Y?
