Change Component Designator: Old Designator=C105 New Designator=C102
Change Component Designator: Old Designator=C106 New Designator=C103
Change Component Designator: Old Designator=C107 New Designator=C104
Change Component Designator: Old Designator=C108 New Designator=C105
Change Component Designator: Old Designator=C109 New Designator=C106
Change Component Designator: Old Designator=C110 New Designator=C107
Change Component Designator: Old Designator=C111 New Designator=C108
Change Component Designator: Old Designator=C112 New Designator=C109
Change Component Designator: Old Designator=C113 New Designator=C110
Change Component Designator: Old Designator=C114 New Designator=C111
Change Component Designator: Old Designator=C115 New Designator=C112
Change Component Designator: Old Designator=C116 New Designator=C113
Change Component Designator: Old Designator=C117 New Designator=C114
Change Component Designator: Old Designator=C118 New Designator=C115
Change Component Designator: Old Designator=C119 New Designator=C116
Change Component Designator: Old Designator=C120 New Designator=C117
Change Component Designator: Old Designator=C121 New Designator=C118
Change Component Designator: Old Designator=C122 New Designator=C119
Change Component Designator: Old Designator=C123 New Designator=C120
Change Component Designator: Old Designator=C124 New Designator=C121
Change Component Designator: Old Designator=C125 New Designator=C122
Change Component Designator: Old Designator=D101 New Designator=D106
Change Component Designator: Old Designator=D102 New Designator=D107
Change Component Designator: Old Designator=D103 New Designator=D108
Change Component Designator: Old Designator=D? New Designator=D101
Change Component Designator: Old Designator=D? New Designator=D102
Change Component Designator: Old Designator=D? New Designator=D103
Change Component Designator: Old Designator=D? New Designator=D104
Change Component Designator: Old Designator=D? New Designator=D105
Change Component Designator: Old Designator=J103 New Designator=J106
Change Component Designator: Old Designator=J104 New Designator=J107
Change Component Designator: Old Designator=J? New Designator=J102
Change Component Designator: Old Designator=J? New Designator=J103
Change Component Designator: Old Designator=J? New Designator=J104
Change Component Designator: Old Designator=J? New Designator=J105
Change Component Designator: Old Designator=R106 New Designator=R103
Change Component Designator: Old Designator=R107 New Designator=R104
Change Component Designator: Old Designator=R110 New Designator=R105
Change Component Designator: Old Designator=R111 New Designator=R106
Change Component Designator: Old Designator=R112 New Designator=R107
Change Component Designator: Old Designator=R113 New Designator=R108
Change Component Designator: Old Designator=R114 New Designator=R109
Change Component Designator: Old Designator=R115 New Designator=R110
Change Component Designator: Old Designator=R117 New Designator=R122
Change Component Designator: Old Designator=R118 New Designator=R123
Change Component Designator: Old Designator=R119 New Designator=R124
Change Component Designator: Old Designator=R120 New Designator=R125
Change Component Designator: Old Designator=R121 New Designator=R126
Change Component Designator: Old Designator=R122 New Designator=R127
Change Component Designator: Old Designator=R123 New Designator=R128
Change Component Designator: Old Designator=R124 New Designator=R129
Change Component Designator: Old Designator=R125 New Designator=R130
Change Component Designator: Old Designator=R? New Designator=R111
Change Component Designator: Old Designator=R? New Designator=R112
Change Component Designator: Old Designator=R? New Designator=R113
Change Component Designator: Old Designator=R? New Designator=R114
Change Component Designator: Old Designator=R? New Designator=R115
Change Component Designator: Old Designator=R? New Designator=R117
Change Component Designator: Old Designator=R? New Designator=R118
Change Component Designator: Old Designator=R? New Designator=R119
Change Component Designator: Old Designator=R? New Designator=R120
Change Component Designator: Old Designator=R? New Designator=R121
